Log file open, 08/23/22 22:23:21
LogWindows: Failed to load 'aqProf.dll' (GetLastError=126)
LogWindows: File 'aqProf.dll' does not exist
LogWindows: Failed to load 'VtuneApi.dll' (GetLastError=126)
LogWindows: File 'VtuneApi.dll' does not exist
LogWindows: Failed to load 'VtuneApi32e.dll' (GetLastError=126)
LogWindows: File 'VtuneApi32e.dll' does not exist
LogConsoleResponse: Display: Failed to find resolution value strings in scalability ini. Falling back to default.
LogConsoleResponse: Display: Failed to find resolution value strings in scalability ini. Falling back to default.
LogInit: Display: Running engine for game: ShiningTrails
LogPlatformFile: Not using cached read wrapper
LogTaskGraph: Started task graph with 5 named threads and 35 total threads with 3 sets of task threads.
LogStats: Stats thread started at 0.240190
LogICUInternationalization: ICU TimeZone Detection - Raw Offset: +1:00, Platform Override: ''
LogInit: Display: Loading text-based GConfig....
LogPluginManager: Mounting plugin MeshPainting
LogPluginManager: Mounting plugin XGEController
LogPluginManager: Mounting plugin Paper2D
LogPluginManager: Mounting plugin LiveLink
LogPluginManager: Mounting plugin LightPropagationVolume
LogPluginManager: Mounting plugin AnimationSharing
LogPluginManager: Mounting plugin CLionSourceCodeAccess
LogPluginManager: Mounting plugin OodleData
LogPluginManager: Mounting plugin CodeLiteSourceCodeAccess
LogPluginManager: Mounting plugin KDevelopSourceCodeAccess
LogPluginManager: Mounting plugin PluginUtils
LogPluginManager: Mounting plugin NullSourceCodeAccess
LogPluginManager: Mounting plugin PlasticSourceControl
LogPluginManager: Mounting plugin OodleNetwork
LogPluginManager: Mounting plugin PropertyAccessNode
LogPluginManager: Mounting plugin PixWinPlugin
LogPluginManager: Mounting plugin RiderSourceCodeAccess
LogPluginManager: Mounting plugin SubversionSourceControl
LogPluginManager: Mounting plugin TextureFormatOodle
LogPluginManager: Mounting plugin PerforceSourceControl
LogPluginManager: Mounting plugin UObjectPlugin
LogPluginManager: Mounting plugin AssetManagerEditor
LogPluginManager: Mounting plugin AlembicImporter
LogPluginManager: Mounting plugin AutomationUtils
LogPluginManager: Mounting plugin BackChannel
LogPluginManager: Mounting plugin GitSourceControl
LogPluginManager: Mounting plugin CryptoKeys
LogPluginManager: Mounting plugin ChaosCloth
LogPluginManager: Mounting plugin CurveEditorTools
LogPluginManager: Mounting plugin FacialAnimation
LogPluginManager: Mounting plugin DataValidation
LogPluginManager: Mounting plugin ChaosNiagara
LogPluginManager: Mounting plugin ChaosEditor
LogPluginManager: Mounting plugin ChaosClothEditor
LogPluginManager: Mounting plugin ChaosSolverPlugin
LogPluginManager: Mounting plugin GameplayTagsEditor
LogPluginManager: Mounting plugin GeometryMode
LogPluginManager: Mounting plugin CharacterAI
LogPluginManager: Mounting plugin MacGraphicsSwitching
LogPluginManager: Mounting plugin MaterialAnalyzer
LogPluginManager: Mounting plugin MobileLauncherProfileWizard
LogPluginManager: Mounting plugin PluginBrowser
LogPluginManager: Mounting plugin SpeedTreeImporter
LogPluginManager: Mounting plugin GeometryCache
LogPluginManager: Mounting plugin GeometryProcessing
LogPluginManager: Mounting plugin GeometryCollectionPlugin
LogPluginManager: Mounting plugin Niagara
LogPluginManager: Mounting plugin MotoSynth
LogPluginManager: Mounting plugin OpenImageDenoise
LogPluginManager: Mounting plugin PlanarCut
LogPluginManager: Mounting plugin PlatformCrypto
LogPluginManager: Mounting plugin PythonScriptPlugin
LogPluginManager: Mounting plugin SkeletalReduction
LogPluginManager: Mounting plugin ProxyLODPlugin
LogPluginManager: Mounting plugin LuminPlatformFeatures
LogPluginManager: Mounting plugin MagicLeapLightEstimation
LogPluginManager: Mounting plugin MagicLeapMedia
LogPluginManager: Mounting plugin MagicLeapPassableWorld
LogPluginManager: Mounting plugin MagicLeap
LogPluginManager: Mounting plugin MLSDK
LogPluginManager: Mounting plugin AvfMedia
LogPluginManager: Mounting plugin ImgMedia
LogPluginManager: Mounting plugin MediaCompositing
LogPluginManager: Mounting plugin MediaPlayerEditor
LogPluginManager: Mounting plugin WebMMedia
LogPluginManager: Mounting plugin ActorSequence
LogPluginManager: Mounting plugin WmfMedia
LogPluginManager: Mounting plugin LevelSequenceEditor
LogPluginManager: Mounting plugin MatineeToLevelSequence
LogPluginManager: Mounting plugin TemplateSequence
LogPluginManager: Mounting plugin UdpMessaging
LogPluginManager: Mounting plugin TcpMessaging
LogPluginManager: Mounting plugin OnlineSubsystem
LogPluginManager: Mounting plugin LauncherChunkInstaller
LogPluginManager: Mounting plugin OnlineSubsystemNull
LogPluginManager: Mounting plugin OnlineSubsystemUtils
LogPluginManager: Mounting plugin ActorLayerUtilities
LogPluginManager: Mounting plugin ArchVisCharacter
LogPluginManager: Mounting plugin AssetTags
LogPluginManager: Mounting plugin AudioSynesthesia
LogPluginManager: Mounting plugin CableComponent
LogPluginManager: Mounting plugin AudioCapture
LogPluginManager: Mounting plugin CustomMeshComponent
LogPluginManager: Mounting plugin ChunkDownloader
LogPluginManager: Mounting plugin EditableMesh
LogPluginManager: Mounting plugin ExampleDeviceProfileSelector
LogPluginManager: Mounting plugin GoogleCloudMessaging
LogPluginManager: Mounting plugin LinuxDeviceProfileSelector
LogPluginManager: Mounting plugin LocationServicesBPLibrary
LogPluginManager: Mounting plugin MobilePatchingUtils
LogPluginManager: Mounting plugin OpenXRHandTracking
LogPluginManager: Mounting plugin OpenXR
LogPluginManager: Mounting plugin OpenXREyeTracker
LogPluginManager: Mounting plugin PhysXVehicles
LogPluginManager: Mounting plugin PostSplashScreen
LogPluginManager: Mounting plugin ScreenshotTools
LogPluginManager: Mounting plugin PropertyAccessEditor
LogPluginManager: Mounting plugin ProceduralMeshComponent
LogPluginManager: Mounting plugin SignificanceManager
LogPluginManager: Mounting plugin SoundFields
LogPluginManager: Mounting plugin RuntimePhysXCooking
LogPluginManager: Mounting plugin Synthesis
LogPluginManager: Mounting plugin WebMMoviePlayer
LogPluginManager: Mounting plugin WindowsMoviePlayer
LogPluginManager: Mounting plugin AISupport
LogPluginManager: Mounting plugin Takes
LogPluginManager: Mounting plugin EnvironmentQueryEditor
LogPluginManager: Mounting plugin CameraShakePreviewer
LogPluginManager: Mounting plugin VisualStudioCodeSourceCodeAccess
LogPluginManager: Mounting plugin VisualStudioSourceCodeAccess
LogPluginManager: Mounting plugin XCodeSourceCodeAccess
LogPluginManager: Mounting plugin DatasmithContent
LogPluginManager: Mounting plugin GameplayCameras
LogPluginManager: Mounting plugin VariantManagerContent
LogPluginManager: Mounting plugin ContentBrowserAssetDataSource
LogPluginManager: Mounting plugin ContentBrowserClassDataSource
LogPluginManager: Mounting plugin ContentBrowserFileDataSource
LogPluginManager: Mounting plugin WinDualShock
PixWinPlugin: PIX capture plugin failed to initialize! Check that the process is launched from PIX.
LogInit: Using libcurl 7.55.1-DEV
LogInit:  - built for x86_64-pc-win32
LogInit:  - supports SSL with OpenSSL/1.1.1
LogInit:  - supports HTTP deflate (compression) using libz 1.2.8
LogInit:  - other features:
LogInit:      CURL_VERSION_SSL
LogInit:      CURL_VERSION_LIBZ
LogInit:      CURL_VERSION_IPV6
LogInit:      CURL_VERSION_ASYNCHDNS
LogInit:      CURL_VERSION_LARGEFILE
LogInit:      CURL_VERSION_IDN
LogInit:  CurlRequestOptions (configurable via config and command line):
LogInit:  - bVerifyPeer = true  - Libcurl will verify peer certificate
LogInit:  - bUseHttpProxy = false  - Libcurl will NOT use HTTP proxy
LogInit:  - bDontReuseConnections = false  - Libcurl will reuse connections
LogInit:  - MaxHostConnections = 16  - Libcurl will limit the number of connections to a host
LogInit:  - LocalHostAddr = Default
LogInit:  - BufferSize = 65536
LogOnline: OSS: Creating online subsystem instance for: NULL
LogInit: WinSock: version 1.1 (2.2), MaxSocks=32767, MaxUdp=65467
LogOnline: OSS: TryLoadSubsystemAndSetDefault: Loaded subsystem for module [NULL]
LogInit: Build: ++UE4+Release-4.27-CL-18319896
LogInit: Engine Version: 4.27.2-18319896+++UE4+Release-4.27
LogInit: Compatible Engine Version: 4.27.0-17155196+++UE4+Release-4.27
LogInit: Net CL: 17155196
LogInit: OS: Windows 10 (Release 2009) (), CPU: AMD Ryzen 5 3600 6-Core Processor              , GPU: NVIDIA GeForce RTX 2060
LogInit: Compiled (64-bit): Nov 30 2021 07:12:08
LogInit: Compiled with Visual C++: 19.24.28315.00
LogInit: Build Configuration: Development
LogInit: Branch Name: ++UE4+Release-4.27
LogInit: Command Line:  -EpicPortal -epicusername="Aspirine 1G" -epicuserid=42227f440bbb41afacbeee01b3fc15f0 -epiclocale=fr -epicsandboxid=ue
LogInit: Base Directory: D:/Softwares/Epic/UE_4.27/Engine/Binaries/Win64/
LogInit: Allocator: TBB
LogInit: Installed Engine Build: 1
LogDevObjectVersion: Number of dev versions registered: 29
LogDevObjectVersion:   Dev-Blueprints (B0D832E4-1F89-4F0D-ACCF-7EB736FD4AA2): 10
LogDevObjectVersion:   Dev-Build (E1C64328-A22C-4D53-A36C-8E866417BD8C): 0
LogDevObjectVersion:   Dev-Core (375EC13C-06E4-48FB-B500-84F0262A717E): 4
LogDevObjectVersion:   Dev-Editor (E4B068ED-F494-42E9-A231-DA0B2E46BB41): 40
LogDevObjectVersion:   Dev-Framework (CFFC743F-43B0-4480-9391-14DF171D2073): 37
LogDevObjectVersion:   Dev-Mobile (B02B49B5-BB20-44E9-A304-32B752E40360): 3
LogDevObjectVersion:   Dev-Networking (A4E4105C-59A1-49B5-A7C5-40C4547EDFEE): 0
LogDevObjectVersion:   Dev-Online (39C831C9-5AE6-47DC-9A44-9C173E1C8E7C): 0
LogDevObjectVersion:   Dev-Physics (78F01B33-EBEA-4F98-B9B4-84EACCB95AA2): 14
LogDevObjectVersion:   Dev-Platform (6631380F-2D4D-43E0-8009-CF276956A95A): 0
LogDevObjectVersion:   Dev-Rendering (12F88B9F-8875-4AFC-A67C-D90C383ABD29): 45
LogDevObjectVersion:   Dev-Sequencer (7B5AE74C-D270-4C10-A958-57980B212A5A): 13
LogDevObjectVersion:   Dev-VR (D7296918-1DD6-4BDD-9DE2-64A83CC13884): 3
LogDevObjectVersion:   Dev-LoadTimes (C2A15278-BFE7-4AFE-6C17-90FF531DF755): 1
LogDevObjectVersion:   Private-Geometry (6EACA3D4-40EC-4CC1-B786-8BED09428FC5): 3
LogDevObjectVersion:   Dev-AnimPhys (29E575DD-E0A3-4627-9D10-D276232CDCEA): 17
LogDevObjectVersion:   Dev-Anim (AF43A65D-7FD3-4947-9873-3E8ED9C1BB05): 15
LogDevObjectVersion:   Dev-ReflectionCapture (6B266CEC-1EC7-4B8F-A30B-E4D90942FC07): 1
LogDevObjectVersion:   Dev-Automation (0DF73D61-A23F-47EA-B727-89E90C41499A): 1
LogDevObjectVersion:   FortniteMain (601D1886-AC64-4F84-AA16-D3DE0DEAC7D6): 47
LogDevObjectVersion:   FortniteRelease (E7086368-6B23-4C58-8439-1B7016265E91): 1
LogDevObjectVersion:   Dev-Enterprise (9DFFBCD6-494F-0158-E221-12823C92A888): 10
LogDevObjectVersion:   Dev-Niagara (F2AED0AC-9AFE-416F-8664-AA7FFA26D6FC): 1
LogDevObjectVersion:   Dev-Destruction (174F1F0B-B4C6-45A5-B13F-2EE8D0FB917D): 10
LogDevObjectVersion:   Dev-Physics-Ext (35F94A83-E258-406C-A318-09F59610247C): 41
LogDevObjectVersion:   Dev-PhysicsMaterial-Chaos (B68FC16E-8B1B-42E2-B453-215C058844FE): 1
LogDevObjectVersion:   Dev-CineCamera (B2E18506-4273-CFC2-A54E-F4BB758BBA07): 1
LogDevObjectVersion:   Dev-VirtualProduction (64F58936-FD1B-42BA-BA96-7289D5D0FA4E): 1
LogDevObjectVersion:   Dev-MediaFramework (6F0ED827-A609-4895-9C91-998D90180EA4): 2
LogInit: Presizing for max 25165824 objects, including 0 objects not considered by GC, pre-allocating 0 bytes for permanent pool.
LogConfig: Applying CVar settings from Section [/Script/Engine.StreamingSettings] File [D:/GitRoot/Blades-Bullets/ShiningTrails/Saved/Config/Windows/Engine.ini]
LogConfig: Setting CVar [[s.MinBulkDataSizeForAsyncLoading:131072]]
LogConfig: Setting CVar [[s.AsyncLoadingThreadEnabled:0]]
LogConfig: Setting CVar [[s.EventDrivenLoaderEnabled:1]]
LogConfig: Setting CVar [[s.WarnIfTimeLimitExceeded:0]]
LogConfig: Setting CVar [[s.TimeLimitExceededMultiplier:1.5]]
LogConfig: Setting CVar [[s.TimeLimitExceededMinTime:0.005]]
LogConfig: Setting CVar [[s.UseBackgroundLevelStreaming:1]]
LogConfig: Setting CVar [[s.PriorityAsyncLoadingExtraTime:15.0]]
LogConfig: Setting CVar [[s.LevelStreamingActorsUpdateTimeLimit:5.0]]
LogConfig: Setting CVar [[s.PriorityLevelStreamingActorsUpdateExtraTime:5.0]]
LogConfig: Setting CVar [[s.LevelStreamingComponentsRegistrationGranularity:10]]
LogConfig: Setting CVar [[s.UnregisterComponentsTimeLimit:1.0]]
LogConfig: Setting CVar [[s.LevelStreamingComponentsUnregistrationGranularity:5]]
LogConfig: Setting CVar [[s.FlushStreamingOnExit:1]]
LogInit: Object subsystem initialized
LogConfig: Setting CVar [[con.DebugEarlyDefault:1]]
LogConfig: Setting CVar [[r.setres:1280x720]]
[2022.08.23-20.23.21:784][  0]LogConfig: Setting CVar [[r.VSync:0]]
[2022.08.23-20.23.21:784][  0]LogConfig: Setting CVar [[r.RHICmdBypass:0]]
[2022.08.23-20.23.21:784][  0]LogConfig: Applying CVar settings from Section [/Script/Engine.RendererSettings] File [D:/GitRoot/Blades-Bullets/ShiningTrails/Saved/Config/Windows/Engine.ini]
[2022.08.23-20.23.21:784][  0]LogConfig: Setting CVar [[r.GPUCrashDebugging:0]]
[2022.08.23-20.23.21:784][  0]LogConfig: Applying CVar settings from Section [/Script/Engine.RendererOverrideSettings] File [D:/GitRoot/Blades-Bullets/ShiningTrails/Saved/Config/Windows/Engine.ini]
[2022.08.23-20.23.21:784][  0]LogConfig: Applying CVar settings from Section [/Script/Engine.StreamingSettings] File [D:/GitRoot/Blades-Bullets/ShiningTrails/Saved/Config/Windows/Engine.ini]
[2022.08.23-20.23.21:784][  0]LogConfig: Setting CVar [[s.MinBulkDataSizeForAsyncLoading:131072]]
[2022.08.23-20.23.21:784][  0]LogConfig: Setting CVar [[s.AsyncLoadingThreadEnabled:0]]
[2022.08.23-20.23.21:784][  0]LogConfig: Setting CVar [[s.EventDrivenLoaderEnabled:1]]
[2022.08.23-20.23.21:784][  0]LogConfig: Setting CVar [[s.WarnIfTimeLimitExceeded:0]]
[2022.08.23-20.23.21:784][  0]LogConfig: Setting CVar [[s.TimeLimitExceededMultiplier:1.5]]
[2022.08.23-20.23.21:784][  0]LogConfig: Setting CVar [[s.TimeLimitExceededMinTime:0.005]]
[2022.08.23-20.23.21:784][  0]LogConfig: Setting CVar [[s.UseBackgroundLevelStreaming:1]]
[2022.08.23-20.23.21:784][  0]LogConfig: Setting CVar [[s.PriorityAsyncLoadingExtraTime:15.0]]
[2022.08.23-20.23.21:784][  0]LogConfig: Setting CVar [[s.LevelStreamingActorsUpdateTimeLimit:5.0]]
[2022.08.23-20.23.21:784][  0]LogConfig: Setting CVar [[s.PriorityLevelStreamingActorsUpdateExtraTime:5.0]]
[2022.08.23-20.23.21:784][  0]LogConfig: Setting CVar [[s.LevelStreamingComponentsRegistrationGranularity:10]]
[2022.08.23-20.23.21:784][  0]LogConfig: Setting CVar [[s.UnregisterComponentsTimeLimit:1.0]]
[2022.08.23-20.23.21:784][  0]LogConfig: Setting CVar [[s.LevelStreamingComponentsUnregistrationGranularity:5]]
[2022.08.23-20.23.21:784][  0]LogConfig: Setting CVar [[s.FlushStreamingOnExit:1]]
[2022.08.23-20.23.21:784][  0]LogConfig: Applying CVar settings from Section [/Script/Engine.GarbageCollectionSettings] File [D:/GitRoot/Blades-Bullets/ShiningTrails/Saved/Config/Windows/Engine.ini]
[2022.08.23-20.23.21:784][  0]LogConfig: Setting CVar [[gc.MaxObjectsNotConsideredByGC:1]]
[2022.08.23-20.23.21:784][  0]LogConfig: Setting CVar [[gc.SizeOfPermanentObjectPool:0]]
[2022.08.23-20.23.21:784][  0]LogConfig: Setting CVar [[gc.FlushStreamingOnGC:0]]
[2022.08.23-20.23.21:784][  0]LogConfig: Setting CVar [[gc.NumRetriesBeforeForcingGC:10]]
[2022.08.23-20.23.21:784][  0]LogConfig: Setting CVar [[gc.AllowParallelGC:1]]
[2022.08.23-20.23.21:784][  0]LogConfig: Setting CVar [[gc.TimeBetweenPurgingPendingKillObjects:61.1]]
[2022.08.23-20.23.21:784][  0]LogConfig: Setting CVar [[gc.MaxObjectsInEditor:25165824]]
[2022.08.23-20.23.21:784][  0]LogConfig: Setting CVar [[gc.IncrementalBeginDestroyEnabled:1]]
[2022.08.23-20.23.21:784][  0]LogConfig: Setting CVar [[gc.CreateGCClusters:1]]
[2022.08.23-20.23.21:784][  0]LogConfig: Setting CVar [[gc.MinGCClusterSize:5]]
[2022.08.23-20.23.21:784][  0]LogConfig: Setting CVar [[gc.ActorClusteringEnabled:0]]
[2022.08.23-20.23.21:784][  0]LogConfig: Setting CVar [[gc.BlueprintClusteringEnabled:0]]
[2022.08.23-20.23.21:784][  0]LogConfig: Setting CVar [[gc.UseDisregardForGCOnDedicatedServers:0]]
[2022.08.23-20.23.21:784][  0]LogConfig: Setting CVar [[gc.MultithreadedDestructionEnabled:1]]
[2022.08.23-20.23.21:784][  0]LogConfig: Applying CVar settings from Section [/Script/Engine.NetworkSettings] File [D:/GitRoot/Blades-Bullets/ShiningTrails/Saved/Config/Windows/Engine.ini]
[2022.08.23-20.23.21:784][  0]LogConfig: Applying CVar settings from Section [/Script/UnrealEd.CookerSettings] File [D:/GitRoot/Blades-Bullets/ShiningTrails/Saved/Config/Windows/Engine.ini]
[2022.08.23-20.23.21:795][  0]LogConfig: Applying CVar settings from Section [ViewDistanceQuality@3] File [D:/GitRoot/Blades-Bullets/ShiningTrails/Saved/Config/Windows/Scalability.ini]
[2022.08.23-20.23.21:795][  0]LogConfig: Setting CVar [[r.SkeletalMeshLODBias:0]]
[2022.08.23-20.23.21:795][  0]LogConfig: Setting CVar [[r.ViewDistanceScale:1.0]]
[2022.08.23-20.23.21:795][  0]LogConfig: Applying CVar settings from Section [AntiAliasingQuality@3] File [D:/GitRoot/Blades-Bullets/ShiningTrails/Saved/Config/Windows/Scalability.ini]
[2022.08.23-20.23.21:795][  0]LogConfig: Setting CVar [[r.PostProcessAAQuality:4]]
[2022.08.23-20.23.21:795][  0]LogConfig: Applying CVar settings from Section [ShadowQuality@3] File [D:/GitRoot/Blades-Bullets/ShiningTrails/Saved/Config/Windows/Scalability.ini]
[2022.08.23-20.23.21:795][  0]LogConfig: Setting CVar [[r.LightFunctionQuality:1]]
[2022.08.23-20.23.21:795][  0]LogConfig: Setting CVar [[r.ShadowQuality:5]]
[2022.08.23-20.23.21:795][  0]LogConfig: Setting CVar [[r.Shadow.CSM.MaxCascades:10]]
[2022.08.23-20.23.21:795][  0]LogConfig: Setting CVar [[r.Shadow.MaxResolution:2048]]
[2022.08.23-20.23.21:795][  0]LogConfig: Setting CVar [[r.Shadow.MaxCSMResolution:2048]]
[2022.08.23-20.23.21:795][  0]LogConfig: Setting CVar [[r.Shadow.RadiusThreshold:0.01]]
[2022.08.23-20.23.21:795][  0]LogConfig: Setting CVar [[r.Shadow.DistanceScale:1.0]]
[2022.08.23-20.23.21:795][  0]LogConfig: Setting CVar [[r.Shadow.CSM.TransitionScale:1.0]]
[2022.08.23-20.23.21:795][  0]LogConfig: Setting CVar [[r.Shadow.PreShadowResolutionFactor:1.0]]
[2022.08.23-20.23.21:795][  0]LogConfig: Setting CVar [[r.DistanceFieldShadowing:1]]
[2022.08.23-20.23.21:795][  0]LogConfig: Setting CVar [[r.DistanceFieldAO:1]]
[2022.08.23-20.23.21:795][  0]LogConfig: Setting CVar [[r.AOQuality:2]]
[2022.08.23-20.23.21:796][  0]LogConfig: Setting CVar [[r.VolumetricFog:1]]
[2022.08.23-20.23.21:796][  0]LogConfig: Setting CVar [[r.VolumetricFog.GridPixelSize:8]]
[2022.08.23-20.23.21:796][  0]LogConfig: Setting CVar [[r.VolumetricFog.GridSizeZ:128]]
[2022.08.23-20.23.21:796][  0]LogConfig: Setting CVar [[r.VolumetricFog.HistoryMissSupersampleCount:4]]
[2022.08.23-20.23.21:796][  0]LogConfig: Setting CVar [[r.LightMaxDrawDistanceScale:1]]
[2022.08.23-20.23.21:796][  0]LogConfig: Setting CVar [[r.CapsuleShadows:1]]
[2022.08.23-20.23.21:796][  0]LogConfig: Applying CVar settings from Section [PostProcessQuality@3] File [D:/GitRoot/Blades-Bullets/ShiningTrails/Saved/Config/Windows/Scalability.ini]
[2022.08.23-20.23.21:796][  0]LogConfig: Setting CVar [[r.MotionBlurQuality:4]]
[2022.08.23-20.23.21:796][  0]LogConfig: Setting CVar [[r.AmbientOcclusionMipLevelFactor:0.4]]
[2022.08.23-20.23.21:796][  0]LogConfig: Setting CVar [[r.AmbientOcclusionMaxQuality:100]]
[2022.08.23-20.23.21:796][  0]LogConfig: Setting CVar [[r.AmbientOcclusionLevels:-1]]
[2022.08.23-20.23.21:796][  0]LogConfig: Setting CVar [[r.AmbientOcclusionRadiusScale:1.0]]
[2022.08.23-20.23.21:796][  0]LogConfig: Setting CVar [[r.DepthOfFieldQuality:2]]
[2022.08.23-20.23.21:796][  0]LogConfig: Setting CVar [[r.RenderTargetPoolMin:400]]
[2022.08.23-20.23.21:796][  0]LogConfig: Setting CVar [[r.LensFlareQuality:2]]
[2022.08.23-20.23.21:796][  0]LogConfig: Setting CVar [[r.SceneColorFringeQuality:1]]
[2022.08.23-20.23.21:796][  0]LogConfig: Setting CVar [[r.EyeAdaptationQuality:2]]
[2022.08.23-20.23.21:796][  0]LogConfig: Setting CVar [[r.BloomQuality:5]]
[2022.08.23-20.23.21:796][  0]LogConfig: Setting CVar [[r.FastBlurThreshold:100]]
[2022.08.23-20.23.21:796][  0]LogConfig: Setting CVar [[r.Upscale.Quality:3]]
[2022.08.23-20.23.21:796][  0]LogConfig: Setting CVar [[r.Tonemapper.GrainQuantization:1]]
[2022.08.23-20.23.21:796][  0]LogConfig: Setting CVar [[r.LightShaftQuality:1]]
[2022.08.23-20.23.21:796][  0]LogConfig: Setting CVar [[r.Filter.SizeScale:1]]
[2022.08.23-20.23.21:796][  0]LogConfig: Setting CVar [[r.Tonemapper.Quality:5]]
[2022.08.23-20.23.21:796][  0]LogConfig: Setting CVar [[r.DOF.Gather.AccumulatorQuality:1        ; higher gathering accumulator quality]]
[2022.08.23-20.23.21:796][  0]LogConfig: Setting CVar [[r.DOF.Gather.PostfilterMethod:1          ; Median3x3 postfilering method]]
[2022.08.23-20.23.21:796][  0]LogConfig: Setting CVar [[r.DOF.Gather.EnableBokehSettings:0       ; no bokeh simulation when gathering]]
[2022.08.23-20.23.21:796][  0]LogConfig: Setting CVar [[r.DOF.Gather.RingCount:4                 ; medium number of samples when gathering]]
[2022.08.23-20.23.21:796][  0]LogConfig: Setting CVar [[r.DOF.Scatter.ForegroundCompositing:1    ; additive foreground scattering]]
[2022.08.23-20.23.21:796][  0]LogConfig: Setting CVar [[r.DOF.Scatter.BackgroundCompositing:2    ; additive background scattering]]
[2022.08.23-20.23.21:796][  0]LogConfig: Setting CVar [[r.DOF.Scatter.EnableBokehSettings:1      ; bokeh simulation when scattering]]
[2022.08.23-20.23.21:796][  0]LogConfig: Setting CVar [[r.DOF.Scatter.MaxSpriteRatio:0.1         ; only a maximum of 10% of scattered bokeh]]
[2022.08.23-20.23.21:796][  0]LogConfig: Setting CVar [[r.DOF.Recombine.Quality:1                ; cheap slight out of focus]]
[2022.08.23-20.23.21:796][  0]LogConfig: Setting CVar [[r.DOF.Recombine.EnableBokehSettings:0    ; no bokeh simulation on slight out of focus]]
[2022.08.23-20.23.21:796][  0]LogConfig: Setting CVar [[r.DOF.TemporalAAQuality:1                ; more stable temporal accumulation]]
[2022.08.23-20.23.21:796][  0]LogConfig: Setting CVar [[r.DOF.Kernel.MaxForegroundRadius:0.025]]
[2022.08.23-20.23.21:796][  0]LogConfig: Setting CVar [[r.DOF.Kernel.MaxBackgroundRadius:0.025]]
[2022.08.23-20.23.21:796][  0]LogConfig: Applying CVar settings from Section [TextureQuality@3] File [D:/GitRoot/Blades-Bullets/ShiningTrails/Saved/Config/Windows/Scalability.ini]
[2022.08.23-20.23.21:796][  0]LogConfig: Setting CVar [[r.Streaming.MipBias:0]]
[2022.08.23-20.23.21:796][  0]LogConfig: Setting CVar [[r.Streaming.AmortizeCPUToGPUCopy:0]]
[2022.08.23-20.23.21:796][  0]LogConfig: Setting CVar [[r.Streaming.MaxNumTexturesToStreamPerFrame:0]]
[2022.08.23-20.23.21:796][  0]LogConfig: Setting CVar [[r.Streaming.Boost:1]]
[2022.08.23-20.23.21:796][  0]LogConfig: Setting CVar [[r.MaxAnisotropy:8]]
[2022.08.23-20.23.21:796][  0]LogConfig: Setting CVar [[r.VT.MaxAnisotropy:8]]
[2022.08.23-20.23.21:796][  0]LogConfig: Setting CVar [[r.Streaming.LimitPoolSizeToVRAM:0]]
[2022.08.23-20.23.21:796][  0]LogConfig: Setting CVar [[r.Streaming.PoolSize:1000]]
[2022.08.23-20.23.21:796][  0]LogConfig: Setting CVar [[r.Streaming.MaxEffectiveScreenSize:0]]
[2022.08.23-20.23.21:796][  0]LogConfig: Applying CVar settings from Section [EffectsQuality@3] File [D:/GitRoot/Blades-Bullets/ShiningTrails/Saved/Config/Windows/Scalability.ini]
[2022.08.23-20.23.21:796][  0]LogConfig: Setting CVar [[r.TranslucencyLightingVolumeDim:64]]
[2022.08.23-20.23.21:796][  0]LogConfig: Setting CVar [[r.RefractionQuality:2]]
[2022.08.23-20.23.21:796][  0]LogConfig: Setting CVar [[r.SSR.Quality:3]]
[2022.08.23-20.23.21:796][  0]LogConfig: Setting CVar [[r.SSR.HalfResSceneColor:0]]
[2022.08.23-20.23.21:796][  0]LogConfig: Setting CVar [[r.SceneColorFormat:4]]
[2022.08.23-20.23.21:796][  0]LogConfig: Setting CVar [[r.DetailMode:2]]
[2022.08.23-20.23.21:796][  0]LogConfig: Setting CVar [[r.TranslucencyVolumeBlur:1]]
[2022.08.23-20.23.21:796][  0]LogConfig: Setting CVar [[r.MaterialQualityLevel:1 ; High quality]]
[2022.08.23-20.23.21:796][  0]LogConfig: Setting CVar [[r.AnisotropicMaterials:1]]
[2022.08.23-20.23.21:796][  0]LogConfig: Setting CVar [[r.SSS.Scale:1]]
[2022.08.23-20.23.21:796][  0]LogConfig: Setting CVar [[r.SSS.SampleSet:2]]
[2022.08.23-20.23.21:796][  0]LogConfig: Setting CVar [[r.SSS.Quality:1]]
[2022.08.23-20.23.21:796][  0]LogConfig: Setting CVar [[r.SSS.HalfRes:0]]
[2022.08.23-20.23.21:796][  0]LogConfig: Setting CVar [[r.SSGI.Quality:3]]
[2022.08.23-20.23.21:796][  0]LogConfig: Setting CVar [[r.EmitterSpawnRateScale:1.0]]
[2022.08.23-20.23.21:796][  0]LogConfig: Setting CVar [[r.ParticleLightQuality:2]]
[2022.08.23-20.23.21:796][  0]LogConfig: Setting CVar [[r.SkyAtmosphere.AerialPerspectiveLUT.FastApplyOnOpaque:1 ; Always have FastSkyLUT 1 in this case to avoid wrong sky]]
[2022.08.23-20.23.21:796][  0]LogConfig: Setting CVar [[r.SkyAtmosphere.AerialPerspectiveLUT.SampleCountMaxPerSlice:4]]
[2022.08.23-20.23.21:796][  0]LogConfig: Setting CVar [[r.SkyAtmosphere.AerialPerspectiveLUT.DepthResolution:16.0]]
[2022.08.23-20.23.21:796][  0]LogConfig: Setting CVar [[r.SkyAtmosphere.FastSkyLUT:1]]
[2022.08.23-20.23.21:796][  0]LogConfig: Setting CVar [[r.SkyAtmosphere.FastSkyLUT.SampleCountMin:4.0]]
[2022.08.23-20.23.21:796][  0]LogConfig: Setting CVar [[r.SkyAtmosphere.FastSkyLUT.SampleCountMax:128.0]]
[2022.08.23-20.23.21:796][  0]LogConfig: Setting CVar [[r.SkyAtmosphere.SampleCountMin:4.0]]
[2022.08.23-20.23.21:796][  0]LogConfig: Setting CVar [[r.SkyAtmosphere.SampleCountMax:128.0]]
[2022.08.23-20.23.21:796][  0]LogConfig: Setting CVar [[r.SkyAtmosphere.TransmittanceLUT.UseSmallFormat:0]]
[2022.08.23-20.23.21:796][  0]LogConfig: Setting CVar [[r.SkyAtmosphere.TransmittanceLUT.SampleCount:10.0]]
[2022.08.23-20.23.21:796][  0]LogConfig: Setting CVar [[r.SkyAtmosphere.MultiScatteringLUT.SampleCount:15.0]]
[2022.08.23-20.23.21:796][  0]LogConfig: Setting CVar [[r.SkyLight.RealTimeReflectionCapture:1]]
[2022.08.23-20.23.21:796][  0]LogConfig: Applying CVar settings from Section [FoliageQuality@3] File [D:/GitRoot/Blades-Bullets/ShiningTrails/Saved/Config/Windows/Scalability.ini]
[2022.08.23-20.23.21:796][  0]LogConfig: Setting CVar [[foliage.DensityScale:1.0]]
[2022.08.23-20.23.21:796][  0]LogConfig: Setting CVar [[grass.DensityScale:1.0]]
[2022.08.23-20.23.21:796][  0]LogConfig: Applying CVar settings from Section [ShadingQuality@3] File [D:/GitRoot/Blades-Bullets/ShiningTrails/Saved/Config/Windows/Scalability.ini]
[2022.08.23-20.23.21:796][  0]LogConfig: Setting CVar [[r.HairStrands.SkyLighting.IntegrationType:2]]
[2022.08.23-20.23.21:796][  0]LogConfig: Setting CVar [[r.HairStrands.SkyAO.SampleCount:4]]
[2022.08.23-20.23.21:796][  0]LogConfig: Setting CVar [[r.HairStrands.Visibility.MSAA.SamplePerPixel:4]]
[2022.08.23-20.23.21:797][  0]LogInit: Selected Device Profile: [Windows]
[2022.08.23-20.23.21:797][  0]LogInit: Applying CVar settings loaded from the selected device profile: [Windows]
[2022.08.23-20.23.21:797][  0]LogHAL: Display: Platform has ~ 16 GB [17100644352 / 17179869184 / 16], which maps to Larger [LargestMinGB=32, LargerMinGB=12, DefaultMinGB=8, SmallerMinGB=6, SmallestMinGB=0)
[2022.08.23-20.23.21:797][  0]LogInit: Going up to parent DeviceProfile []
[2022.08.23-20.23.21:797][  0]LogConfig: Applying CVar settings from Section [ViewDistanceQuality@3] File [D:/GitRoot/Blades-Bullets/ShiningTrails/Saved/Config/Windows/Scalability.ini]
[2022.08.23-20.23.21:797][  0]LogConfig: Setting CVar [[r.SkeletalMeshLODBias:0]]
[2022.08.23-20.23.21:797][  0]LogConfig: Setting CVar [[r.ViewDistanceScale:1.0]]
[2022.08.23-20.23.21:797][  0]LogConfig: Applying CVar settings from Section [AntiAliasingQuality@3] File [D:/GitRoot/Blades-Bullets/ShiningTrails/Saved/Config/Windows/Scalability.ini]
[2022.08.23-20.23.21:797][  0]LogConfig: Setting CVar [[r.PostProcessAAQuality:4]]
[2022.08.23-20.23.21:797][  0]LogConfig: Applying CVar settings from Section [ShadowQuality@3] File [D:/GitRoot/Blades-Bullets/ShiningTrails/Saved/Config/Windows/Scalability.ini]
[2022.08.23-20.23.21:797][  0]LogConfig: Setting CVar [[r.LightFunctionQuality:1]]
[2022.08.23-20.23.21:797][  0]LogConfig: Setting CVar [[r.ShadowQuality:5]]
[2022.08.23-20.23.21:797][  0]LogConfig: Setting CVar [[r.Shadow.CSM.MaxCascades:10]]
[2022.08.23-20.23.21:797][  0]LogConfig: Setting CVar [[r.Shadow.MaxResolution:2048]]
[2022.08.23-20.23.21:797][  0]LogConfig: Setting CVar [[r.Shadow.MaxCSMResolution:2048]]
[2022.08.23-20.23.21:797][  0]LogConfig: Setting CVar [[r.Shadow.RadiusThreshold:0.01]]
[2022.08.23-20.23.21:797][  0]LogConfig: Setting CVar [[r.Shadow.DistanceScale:1.0]]
[2022.08.23-20.23.21:797][  0]LogConfig: Setting CVar [[r.Shadow.CSM.TransitionScale:1.0]]
[2022.08.23-20.23.21:797][  0]LogConfig: Setting CVar [[r.Shadow.PreShadowResolutionFactor:1.0]]
[2022.08.23-20.23.21:797][  0]LogConfig: Setting CVar [[r.DistanceFieldShadowing:1]]
[2022.08.23-20.23.21:797][  0]LogConfig: Setting CVar [[r.DistanceFieldAO:1]]
[2022.08.23-20.23.21:797][  0]LogConfig: Setting CVar [[r.AOQuality:2]]
[2022.08.23-20.23.21:797][  0]LogConfig: Setting CVar [[r.VolumetricFog:1]]
[2022.08.23-20.23.21:797][  0]LogConfig: Setting CVar [[r.VolumetricFog.GridPixelSize:8]]
[2022.08.23-20.23.21:797][  0]LogConfig: Setting CVar [[r.VolumetricFog.GridSizeZ:128]]
[2022.08.23-20.23.21:797][  0]LogConfig: Setting CVar [[r.VolumetricFog.HistoryMissSupersampleCount:4]]
[2022.08.23-20.23.21:797][  0]LogConfig: Setting CVar [[r.LightMaxDrawDistanceScale:1]]
[2022.08.23-20.23.21:797][  0]LogConfig: Setting CVar [[r.CapsuleShadows:1]]
[2022.08.23-20.23.21:797][  0]LogConfig: Applying CVar settings from Section [PostProcessQuality@3] File [D:/GitRoot/Blades-Bullets/ShiningTrails/Saved/Config/Windows/Scalability.ini]
[2022.08.23-20.23.21:797][  0]LogConfig: Setting CVar [[r.MotionBlurQuality:4]]
[2022.08.23-20.23.21:797][  0]LogConfig: Setting CVar [[r.AmbientOcclusionMipLevelFactor:0.4]]
[2022.08.23-20.23.21:797][  0]LogConfig: Setting CVar [[r.AmbientOcclusionMaxQuality:100]]
[2022.08.23-20.23.21:797][  0]LogConfig: Setting CVar [[r.AmbientOcclusionLevels:-1]]
[2022.08.23-20.23.21:797][  0]LogConfig: Setting CVar [[r.AmbientOcclusionRadiusScale:1.0]]
[2022.08.23-20.23.21:797][  0]LogConfig: Setting CVar [[r.DepthOfFieldQuality:2]]
[2022.08.23-20.23.21:797][  0]LogConfig: Setting CVar [[r.RenderTargetPoolMin:400]]
[2022.08.23-20.23.21:797][  0]LogConfig: Setting CVar [[r.LensFlareQuality:2]]
[2022.08.23-20.23.21:797][  0]LogConfig: Setting CVar [[r.SceneColorFringeQuality:1]]
[2022.08.23-20.23.21:797][  0]LogConfig: Setting CVar [[r.EyeAdaptationQuality:2]]
[2022.08.23-20.23.21:797][  0]LogConfig: Setting CVar [[r.BloomQuality:5]]
[2022.08.23-20.23.21:797][  0]LogConfig: Setting CVar [[r.FastBlurThreshold:100]]
[2022.08.23-20.23.21:797][  0]LogConfig: Setting CVar [[r.Upscale.Quality:3]]
[2022.08.23-20.23.21:797][  0]LogConfig: Setting CVar [[r.Tonemapper.GrainQuantization:1]]
[2022.08.23-20.23.21:797][  0]LogConfig: Setting CVar [[r.LightShaftQuality:1]]
[2022.08.23-20.23.21:797][  0]LogConfig: Setting CVar [[r.Filter.SizeScale:1]]
[2022.08.23-20.23.21:797][  0]LogConfig: Setting CVar [[r.Tonemapper.Quality:5]]
[2022.08.23-20.23.21:797][  0]LogConfig: Setting CVar [[r.DOF.Gather.AccumulatorQuality:1        ; higher gathering accumulator quality]]
[2022.08.23-20.23.21:797][  0]LogConfig: Setting CVar [[r.DOF.Gather.PostfilterMethod:1          ; Median3x3 postfilering method]]
[2022.08.23-20.23.21:797][  0]LogConfig: Setting CVar [[r.DOF.Gather.EnableBokehSettings:0       ; no bokeh simulation when gathering]]
[2022.08.23-20.23.21:797][  0]LogConfig: Setting CVar [[r.DOF.Gather.RingCount:4                 ; medium number of samples when gathering]]
[2022.08.23-20.23.21:797][  0]LogConfig: Setting CVar [[r.DOF.Scatter.ForegroundCompositing:1    ; additive foreground scattering]]
[2022.08.23-20.23.21:797][  0]LogConfig: Setting CVar [[r.DOF.Scatter.BackgroundCompositing:2    ; additive background scattering]]
[2022.08.23-20.23.21:797][  0]LogConfig: Setting CVar [[r.DOF.Scatter.EnableBokehSettings:1      ; bokeh simulation when scattering]]
[2022.08.23-20.23.21:797][  0]LogConfig: Setting CVar [[r.DOF.Scatter.MaxSpriteRatio:0.1         ; only a maximum of 10% of scattered bokeh]]
[2022.08.23-20.23.21:797][  0]LogConfig: Setting CVar [[r.DOF.Recombine.Quality:1                ; cheap slight out of focus]]
[2022.08.23-20.23.21:797][  0]LogConfig: Setting CVar [[r.DOF.Recombine.EnableBokehSettings:0    ; no bokeh simulation on slight out of focus]]
[2022.08.23-20.23.21:797][  0]LogConfig: Setting CVar [[r.DOF.TemporalAAQuality:1                ; more stable temporal accumulation]]
[2022.08.23-20.23.21:797][  0]LogConfig: Setting CVar [[r.DOF.Kernel.MaxForegroundRadius:0.025]]
[2022.08.23-20.23.21:797][  0]LogConfig: Setting CVar [[r.DOF.Kernel.MaxBackgroundRadius:0.025]]
[2022.08.23-20.23.21:797][  0]LogConfig: Applying CVar settings from Section [TextureQuality@3] File [D:/GitRoot/Blades-Bullets/ShiningTrails/Saved/Config/Windows/Scalability.ini]
[2022.08.23-20.23.21:797][  0]LogConfig: Setting CVar [[r.Streaming.MipBias:0]]
[2022.08.23-20.23.21:797][  0]LogConfig: Setting CVar [[r.Streaming.AmortizeCPUToGPUCopy:0]]
[2022.08.23-20.23.21:797][  0]LogConfig: Setting CVar [[r.Streaming.MaxNumTexturesToStreamPerFrame:0]]
[2022.08.23-20.23.21:797][  0]LogConfig: Setting CVar [[r.Streaming.Boost:1]]
[2022.08.23-20.23.21:797][  0]LogConfig: Setting CVar [[r.MaxAnisotropy:8]]
[2022.08.23-20.23.21:797][  0]LogConfig: Setting CVar [[r.VT.MaxAnisotropy:8]]
[2022.08.23-20.23.21:797][  0]LogConfig: Setting CVar [[r.Streaming.LimitPoolSizeToVRAM:0]]
[2022.08.23-20.23.21:797][  0]LogConfig: Setting CVar [[r.Streaming.PoolSize:1000]]
[2022.08.23-20.23.21:797][  0]LogConfig: Setting CVar [[r.Streaming.MaxEffectiveScreenSize:0]]
[2022.08.23-20.23.21:797][  0]LogConfig: Applying CVar settings from Section [EffectsQuality@3] File [D:/GitRoot/Blades-Bullets/ShiningTrails/Saved/Config/Windows/Scalability.ini]
[2022.08.23-20.23.21:797][  0]LogConfig: Setting CVar [[r.TranslucencyLightingVolumeDim:64]]
[2022.08.23-20.23.21:797][  0]LogConfig: Setting CVar [[r.RefractionQuality:2]]
[2022.08.23-20.23.21:797][  0]LogConfig: Setting CVar [[r.SSR.Quality:3]]
[2022.08.23-20.23.21:797][  0]LogConfig: Setting CVar [[r.SSR.HalfResSceneColor:0]]
[2022.08.23-20.23.21:797][  0]LogConfig: Setting CVar [[r.SceneColorFormat:4]]
[2022.08.23-20.23.21:797][  0]LogConfig: Setting CVar [[r.DetailMode:2]]
[2022.08.23-20.23.21:797][  0]LogConfig: Setting CVar [[r.TranslucencyVolumeBlur:1]]
[2022.08.23-20.23.21:797][  0]LogConfig: Setting CVar [[r.MaterialQualityLevel:1 ; High quality]]
[2022.08.23-20.23.21:797][  0]LogConfig: Setting CVar [[r.AnisotropicMaterials:1]]
[2022.08.23-20.23.21:797][  0]LogConfig: Setting CVar [[r.SSS.Scale:1]]
[2022.08.23-20.23.21:797][  0]LogConfig: Setting CVar [[r.SSS.SampleSet:2]]
[2022.08.23-20.23.21:797][  0]LogConfig: Setting CVar [[r.SSS.Quality:1]]
[2022.08.23-20.23.21:797][  0]LogConfig: Setting CVar [[r.SSS.HalfRes:0]]
[2022.08.23-20.23.21:797][  0]LogConfig: Setting CVar [[r.SSGI.Quality:3]]
[2022.08.23-20.23.21:798][  0]LogConfig: Setting CVar [[r.EmitterSpawnRateScale:1.0]]
[2022.08.23-20.23.21:798][  0]LogConfig: Setting CVar [[r.ParticleLightQuality:2]]
[2022.08.23-20.23.21:798][  0]LogConfig: Setting CVar [[r.SkyAtmosphere.AerialPerspectiveLUT.FastApplyOnOpaque:1 ; Always have FastSkyLUT 1 in this case to avoid wrong sky]]
[2022.08.23-20.23.21:798][  0]LogConfig: Setting CVar [[r.SkyAtmosphere.AerialPerspectiveLUT.SampleCountMaxPerSlice:4]]
[2022.08.23-20.23.21:798][  0]LogConfig: Setting CVar [[r.SkyAtmosphere.AerialPerspectiveLUT.DepthResolution:16.0]]
[2022.08.23-20.23.21:798][  0]LogConfig: Setting CVar [[r.SkyAtmosphere.FastSkyLUT:1]]
[2022.08.23-20.23.21:798][  0]LogConfig: Setting CVar [[r.SkyAtmosphere.FastSkyLUT.SampleCountMin:4.0]]
[2022.08.23-20.23.21:798][  0]LogConfig: Setting CVar [[r.SkyAtmosphere.FastSkyLUT.SampleCountMax:128.0]]
[2022.08.23-20.23.21:798][  0]LogConfig: Setting CVar [[r.SkyAtmosphere.SampleCountMin:4.0]]
[2022.08.23-20.23.21:798][  0]LogConfig: Setting CVar [[r.SkyAtmosphere.SampleCountMax:128.0]]
[2022.08.23-20.23.21:798][  0]LogConfig: Setting CVar [[r.SkyAtmosphere.TransmittanceLUT.UseSmallFormat:0]]
[2022.08.23-20.23.21:798][  0]LogConfig: Setting CVar [[r.SkyAtmosphere.TransmittanceLUT.SampleCount:10.0]]
[2022.08.23-20.23.21:798][  0]LogConfig: Setting CVar [[r.SkyAtmosphere.MultiScatteringLUT.SampleCount:15.0]]
[2022.08.23-20.23.21:798][  0]LogConfig: Setting CVar [[r.SkyLight.RealTimeReflectionCapture:1]]
[2022.08.23-20.23.21:798][  0]LogConfig: Applying CVar settings from Section [FoliageQuality@3] File [D:/GitRoot/Blades-Bullets/ShiningTrails/Saved/Config/Windows/Scalability.ini]
[2022.08.23-20.23.21:798][  0]LogConfig: Setting CVar [[foliage.DensityScale:1.0]]
[2022.08.23-20.23.21:798][  0]LogConfig: Setting CVar [[grass.DensityScale:1.0]]
[2022.08.23-20.23.21:798][  0]LogConfig: Applying CVar settings from Section [ShadingQuality@3] File [D:/GitRoot/Blades-Bullets/ShiningTrails/Saved/Config/Windows/Scalability.ini]
[2022.08.23-20.23.21:798][  0]LogConfig: Setting CVar [[r.HairStrands.SkyLighting.IntegrationType:2]]
[2022.08.23-20.23.21:798][  0]LogConfig: Setting CVar [[r.HairStrands.SkyAO.SampleCount:4]]
[2022.08.23-20.23.21:798][  0]LogConfig: Setting CVar [[r.HairStrands.Visibility.MSAA.SamplePerPixel:4]]
[2022.08.23-20.23.21:798][  0]LogConfig: Applying CVar settings from Section [Startup] File [../../../Engine/Config/ConsoleVariables.ini]
[2022.08.23-20.23.21:798][  0]LogConfig: Setting CVar [[net.UseAdaptiveNetUpdateFrequency:0]]
[2022.08.23-20.23.21:798][  0]LogConfig: Setting CVar [[p.chaos.AllowCreatePhysxBodies:1]]
[2022.08.23-20.23.21:798][  0]LogConfig: Setting CVar [[fx.SkipVectorVMBackendOptimizations:1]]
[2022.08.23-20.23.21:798][  0]LogConfig: Applying CVar settings from Section [ConsoleVariables] File [D:/GitRoot/Blades-Bullets/ShiningTrails/Saved/Config/Windows/Engine.ini]
[2022.08.23-20.23.21:798][  0]LogConfig: Applying CVar settings from Section [ConsoleVariables] File [D:/GitRoot/Blades-Bullets/ShiningTrails/Saved/Config/Windows/Editor.ini]
[2022.08.23-20.23.21:798][  0]LogInit: Computer: DESKTOP-VAOG8PE
[2022.08.23-20.23.21:798][  0]LogInit: User: desty
[2022.08.23-20.23.21:798][  0]LogInit: CPU Page size=4096, Cores=6
[2022.08.23-20.23.21:798][  0]LogInit: High frequency timer resolution =10.000000 MHz
[2022.08.23-20.23.21:798][  0]LogMemory: Memory total: Physical=15.9GB (16GB approx)
[2022.08.23-20.23.21:798][  0]LogMemory: Platform Memory Stats for Windows
[2022.08.23-20.23.21:798][  0]LogMemory: Process Physical Memory: 143.83 MB used, 143.84 MB peak
[2022.08.23-20.23.21:798][  0]LogMemory: Process Virtual Memory: 129.20 MB used, 129.20 MB peak
[2022.08.23-20.23.21:798][  0]LogMemory: Physical Memory: 9490.22 MB used,  6818.23 MB free, 16308.45 MB total
[2022.08.23-20.23.21:798][  0]LogMemory: Virtual Memory: 134198912.00 MB used,  18816.73 MB free, 134217728.00 MB total
[2022.08.23-20.23.21:803][  0]LogWindows: WindowsPlatformFeatures enabled
[2022.08.23-20.23.21:819][  0]LogInit: Physics initialised using underlying interface: PhysX
[2022.08.23-20.23.21:820][  0]LogInit: Using OS detected language (fr-FR).
[2022.08.23-20.23.21:820][  0]LogInit: Using OS detected locale (fr-FR).
[2022.08.23-20.23.21:822][  0]LogTextLocalizationManager: No specific localization for 'fr-FR' exists, so the 'fr' localization will be used.
[2022.08.23-20.23.21:822][  0]LogTextLocalizationResource: LocRes '../../../Engine/Content/Localization/Editor/fr/Editor.locres' could not be opened for reading!
[2022.08.23-20.23.21:822][  0]LogTextLocalizationResource: LocRes '../../../Engine/Content/Localization/EditorTutorials/fr/EditorTutorials.locres' could not be opened for reading!
[2022.08.23-20.23.21:822][  0]LogTextLocalizationResource: LocRes '../../../Engine/Content/Localization/Keywords/fr/Keywords.locres' could not be opened for reading!
[2022.08.23-20.23.21:822][  0]LogTextLocalizationResource: LocRes '../../../Engine/Content/Localization/Category/fr/Category.locres' could not be opened for reading!
[2022.08.23-20.23.21:822][  0]LogTextLocalizationResource: LocRes '../../../Engine/Content/Localization/ToolTips/fr/ToolTips.locres' could not be opened for reading!
[2022.08.23-20.23.21:822][  0]LogTextLocalizationResource: LocRes '../../../Engine/Content/Localization/PropertyNames/fr/PropertyNames.locres' could not be opened for reading!
[2022.08.23-20.23.21:822][  0]LogTextLocalizationResource: LocRes '../../../Engine/Content/Localization/Engine/fr/Engine.locres' could not be opened for reading!
[2022.08.23-20.23.21:823][  0]LogInit: Setting process to per monitor DPI aware
[2022.08.23-20.23.21:834][  0]LogWindowsTextInputMethodSystem: Display: IME system deactivated.
[2022.08.23-20.23.21:846][  0]LogSlate: New Slate User Created.  User Index 0, Is Virtual User: 0
[2022.08.23-20.23.21:846][  0]LogSlate: Slate User Registered.  User Index 0, Is Virtual User: 0
[2022.08.23-20.23.21:963][  0]LogD3D11RHI: Loaded GFSDK_Aftermath_Lib.x64.dll
[2022.08.23-20.23.21:967][  0]LogHMD: Failed to enumerate extensions. Please check that you have a valid OpenXR runtime installed.
[2022.08.23-20.23.21:967][  0]LogD3D11RHI: D3D11 min allowed feature level: 11_0
[2022.08.23-20.23.21:967][  0]LogD3D11RHI: D3D11 max allowed feature level: 11_0
[2022.08.23-20.23.21:967][  0]LogD3D11RHI: D3D11 adapters:
[2022.08.23-20.23.22:084][  0]LogD3D11RHI:    0. 'NVIDIA GeForce RTX 2060' (Feature Level 11_0)
[2022.08.23-20.23.22:084][  0]LogD3D11RHI:       5980/0/8154 MB DedicatedVideo/DedicatedSystem/SharedSystem, Outputs:1, VendorId:0x10de
[2022.08.23-20.23.22:086][  0]LogD3D11RHI:    1. 'Microsoft Basic Render Driver' (Feature Level 11_0)
[2022.08.23-20.23.22:086][  0]LogD3D11RHI:       0/0/8154 MB DedicatedVideo/DedicatedSystem/SharedSystem, Outputs:0, VendorId:0x1414
[2022.08.23-20.23.22:086][  0]LogD3D11RHI: Chosen D3D11 Adapter:
[2022.08.23-20.23.22:086][  0]LogD3D11RHI:     Description : NVIDIA GeForce RTX 2060
[2022.08.23-20.23.22:086][  0]LogD3D11RHI:     VendorId    : 10de
[2022.08.23-20.23.22:086][  0]LogD3D11RHI:     DeviceId    : 1f08
[2022.08.23-20.23.22:086][  0]LogD3D11RHI:     SubSysId    : 86f01043
[2022.08.23-20.23.22:086][  0]LogD3D11RHI:     Revision    : 00a1
[2022.08.23-20.23.22:086][  0]LogD3D11RHI:     DedicatedVideoMemory : 6270484480 bytes
[2022.08.23-20.23.22:086][  0]LogD3D11RHI:     DedicatedSystemMemory : 0 bytes
[2022.08.23-20.23.22:086][  0]LogD3D11RHI:     SharedSystemMemory : 8550322176 bytes
[2022.08.23-20.23.22:086][  0]LogD3D11RHI:     AdapterLuid : 0 2113725
[2022.08.23-20.23.22:093][  0]LogD3D11RHI: Creating new Direct3DDevice
[2022.08.23-20.23.22:093][  0]LogD3D11RHI:     GPU DeviceId: 0x1f08 (for the marketing name, search the web for "GPU Device Id")
[2022.08.23-20.23.22:093][  0]LogWindows: EnumDisplayDevices:
[2022.08.23-20.23.22:094][  0]LogWindows:    0. 'NVIDIA GeForce RTX 2060' (P:1 D:1)
[2022.08.23-20.23.22:094][  0]LogWindows:    1. 'NVIDIA GeForce RTX 2060' (P:0 D:0)
[2022.08.23-20.23.22:094][  0]LogWindows:    2. 'NVIDIA GeForce RTX 2060' (P:0 D:0)
[2022.08.23-20.23.22:094][  0]LogWindows:    3. 'NVIDIA GeForce RTX 2060' (P:0 D:0)
[2022.08.23-20.23.22:094][  0]LogWindows: DebugString: FoundDriverCount:4 
[2022.08.23-20.23.22:094][  0]LogD3D11RHI:     Adapter Name: NVIDIA GeForce RTX 2060
[2022.08.23-20.23.22:094][  0]LogD3D11RHI:   Driver Version: 512.15 (internal:30.0.15.1215, unified:512.15)
[2022.08.23-20.23.22:094][  0]LogD3D11RHI:      Driver Date: 3-17-2022
[2022.08.23-20.23.22:094][  0]LogRHI: Texture pool is 4186 MB (70% of 5980 MB)
[2022.08.23-20.23.22:094][  0]LogD3D11RHI: Creating D3DDevice using adapter:
[2022.08.23-20.23.22:094][  0]LogD3D11RHI:     Description : NVIDIA GeForce RTX 2060
[2022.08.23-20.23.22:094][  0]LogD3D11RHI:     VendorId    : 10de
[2022.08.23-20.23.22:094][  0]LogD3D11RHI:     DeviceId    : 1f08
[2022.08.23-20.23.22:094][  0]LogD3D11RHI:     SubSysId    : 86f01043
[2022.08.23-20.23.22:094][  0]LogD3D11RHI:     Revision    : 00a1
[2022.08.23-20.23.22:094][  0]LogD3D11RHI:     DedicatedVideoMemory : 6270484480 bytes
[2022.08.23-20.23.22:094][  0]LogD3D11RHI:     DedicatedSystemMemory : 0 bytes
[2022.08.23-20.23.22:094][  0]LogD3D11RHI:     SharedSystemMemory : 8550322176 bytes
[2022.08.23-20.23.22:094][  0]LogD3D11RHI:     AdapterLuid : 0 2113725
[2022.08.23-20.23.22:171][  0]LogD3D11RHI: RHI has support for 64 bit atomics
[2022.08.23-20.23.22:172][  0]LogD3D11RHI: Async texture creation enabled
[2022.08.23-20.23.22:172][  0]LogD3D11RHI: Array index from any shader is supported
[2022.08.23-20.23.22:191][  0]LogD3D11RHI: GPU Timing Frequency: 1000.000000 (Debug: 2 2)
[2022.08.23-20.23.22:213][  0]LogRHI: GeForceNow SDK initialized: 1
[2022.08.23-20.23.22:453][  0]LogTargetPlatformManager: Display: Loaded TargetPlatform 'AllDesktop'
[2022.08.23-20.23.22:473][  0]LogTargetPlatformManager: Display: Loaded TargetPlatform 'Android'
[2022.08.23-20.23.22:473][  0]LogTargetPlatformManager: Display: Loaded TargetPlatform 'Android_ASTC'
[2022.08.23-20.23.22:473][  0]LogTargetPlatformManager: Display: Loaded TargetPlatform 'Android_DXT'
[2022.08.23-20.23.22:473][  0]LogTargetPlatformManager: Display: Loaded TargetPlatform 'Android_ETC2'
[2022.08.23-20.23.22:473][  0]LogTargetPlatformManager: Display: Loaded TargetPlatform 'AndroidClient'
[2022.08.23-20.23.22:473][  0]LogTargetPlatformManager: Display: Loaded TargetPlatform 'Android_ASTCClient'
[2022.08.23-20.23.22:473][  0]LogTargetPlatformManager: Display: Loaded TargetPlatform 'Android_DXTClient'
[2022.08.23-20.23.22:473][  0]LogTargetPlatformManager: Display: Loaded TargetPlatform 'Android_ETC2Client'
[2022.08.23-20.23.22:473][  0]LogTargetPlatformManager: Display: Loaded TargetPlatform 'Android_Multi'
[2022.08.23-20.23.22:473][  0]LogTargetPlatformManager: Display: Loaded TargetPlatform 'Android_MultiClient'
[2022.08.23-20.23.22:488][  0]LogTargetPlatformManager: Display: Loaded TargetPlatform 'IOSClient'
[2022.08.23-20.23.22:488][  0]LogTargetPlatformManager: Display: Loaded TargetPlatform 'IOS'
[2022.08.23-20.23.22:496][  0]LogTargetPlatformManager: Display: Loaded TargetPlatform 'Linux'
[2022.08.23-20.23.22:499][  0]LogTargetPlatformManager: Display: Loaded TargetPlatform 'LinuxNoEditor'
[2022.08.23-20.23.22:503][  0]LogTargetPlatformManager: Display: Loaded TargetPlatform 'LinuxClient'
[2022.08.23-20.23.22:506][  0]LogTargetPlatformManager: Display: Loaded TargetPlatform 'LinuxServer'
[2022.08.23-20.23.22:513][  0]LogTargetPlatformManager: Display: Loaded TargetPlatform 'LinuxAArch64NoEditor'
[2022.08.23-20.23.22:516][  0]LogTargetPlatformManager: Display: Loaded TargetPlatform 'LinuxAArch64Client'
[2022.08.23-20.23.22:520][  0]LogTargetPlatformManager: Display: Loaded TargetPlatform 'LinuxAArch64Server'
[2022.08.23-20.23.22:541][  0]LogTargetPlatformManager: Display: Loaded TargetPlatform 'Lumin'
[2022.08.23-20.23.22:541][  0]LogTargetPlatformManager: Display: Loaded TargetPlatform 'LuminClient'
[2022.08.23-20.23.22:548][  0]LogTargetPlatformManager: Display: Loaded TargetPlatform 'MacNoEditor'
[2022.08.23-20.23.22:552][  0]LogTargetPlatformManager: Display: Loaded TargetPlatform 'Mac'
[2022.08.23-20.23.22:556][  0]LogTargetPlatformManager: Display: Loaded TargetPlatform 'MacClient'
[2022.08.23-20.23.22:559][  0]LogTargetPlatformManager: Display: Loaded TargetPlatform 'MacServer'
[2022.08.23-20.23.22:567][  0]LogTargetPlatformManager: Display: Loaded TargetPlatform 'TVOSClient'
[2022.08.23-20.23.22:567][  0]LogTargetPlatformManager: Display: Loaded TargetPlatform 'TVOS'
[2022.08.23-20.23.22:575][  0]LogTargetPlatformManager: Display: Loaded TargetPlatform 'WindowsNoEditor'
[2022.08.23-20.23.22:579][  0]LogTargetPlatformManager: Display: Loaded TargetPlatform 'Windows'
[2022.08.23-20.23.22:582][  0]LogTargetPlatformManager: Display: Loaded TargetPlatform 'WindowsClient'
[2022.08.23-20.23.22:586][  0]LogTargetPlatformManager: Display: Loaded TargetPlatform 'WindowsServer'
[2022.08.23-20.23.22:586][  0]LogTargetPlatformManager: Display: Building Assets For Windows
[2022.08.23-20.23.22:592][  0]LogAudioDebug: Display: Lib vorbis DLL was dynamically loaded.
[2022.08.23-20.23.22:615][  0]LogTextureFormatOodle: Display: Oodle Texture 2.9.0 init RDO Off
[2022.08.23-20.23.22:638][  0]LogRendererCore: Ray tracing is disabled. Reason: r.RayTracing=0.
[2022.08.23-20.23.22:639][  0]LogShaderCompilers: Guid format shader working directory is -9 characters bigger than the processId version (../../../../../../GitRoot/Blades-Bullets/ShiningTrails/Intermediate/Shaders/WorkingDirectory/12676/).
[2022.08.23-20.23.22:639][  0]LogShaderCompilers: Cleaned the shader compiler working directory 'C:/Users/desty/AppData/Local/Temp/UnrealShaderWorkingDir/6CFE99DF47F0711917A063B72AB3BCC1/'.
[2022.08.23-20.23.22:639][  0]LogXGEController: Cannot use XGE Controller as Incredibuild is not installed on this machine.
[2022.08.23-20.23.22:639][  0]LogShaderCompilers: Cannot use XGE Shader Compiler as Incredibuild is not installed on this machine.
[2022.08.23-20.23.22:639][  0]LogShaderCompilers: Display: Using Local Shader Compiler.
[2022.08.23-20.23.23:242][  0]LogDerivedDataCache: Display: Max Cache Size: 512 MB
[2022.08.23-20.23.23:296][  0]LogDerivedDataCache: Loaded boot cache 0.05s 94MB C:/Users/desty/AppData/Local/UnrealEngine/4.27/DerivedDataCache/Boot.ddc.
[2022.08.23-20.23.23:297][  0]LogDerivedDataCache: Display: Loaded Boot cache: C:/Users/desty/AppData/Local/UnrealEngine/4.27/DerivedDataCache/Boot.ddc
[2022.08.23-20.23.23:297][  0]LogDerivedDataCache: FDerivedDataBackendGraph:  Pak pak cache file ../../../../../../GitRoot/Blades-Bullets/ShiningTrails/DerivedDataCache/DDC.ddp not found, will not use a pak cache.
[2022.08.23-20.23.23:297][  0]LogDerivedDataCache: Unable to find inner node Pak for hierarchical cache Hierarchy.
[2022.08.23-20.23.23:297][  0]LogDerivedDataCache: FDerivedDataBackendGraph:  CompressedPak pak cache file ../../../../../../GitRoot/Blades-Bullets/ShiningTrails/DerivedDataCache/Compressed.ddp not found, will not use a pak cache.
[2022.08.23-20.23.23:297][  0]LogDerivedDataCache: Unable to find inner node CompressedPak for hierarchical cache Hierarchy.
[2022.08.23-20.23.23:316][  0]LogDerivedDataCache: Display: Pak cache opened for reading ../../../Engine/DerivedDataCache/Compressed.ddp.
[2022.08.23-20.23.23:317][  0]LogDerivedDataCache: FDerivedDataBackendGraph:  EnterprisePak pak cache file ../../../Enterprise/DerivedDataCache/Compressed.ddp not found, will not use a pak cache.
[2022.08.23-20.23.23:317][  0]LogDerivedDataCache: Unable to find inner node EnterprisePak for hierarchical cache Hierarchy.
[2022.08.23-20.23.23:328][  0]LogDerivedDataCache: Speed tests for C:/Users/desty/AppData/Local/UnrealEngine/Common/DerivedDataCache took 0.01 seconds
[2022.08.23-20.23.23:328][  0]LogDerivedDataCache: Display: Performance to C:/Users/desty/AppData/Local/UnrealEngine/Common/DerivedDataCache: Latency=0.05ms. RandomReadSpeed=788.74MBs, RandomWriteSpeed=94.33MBs. Assigned SpeedClass 'Local'
[2022.08.23-20.23.23:329][  0]LogDerivedDataCache: Using Local data cache path C:/Users/desty/AppData/Local/UnrealEngine/Common/DerivedDataCache: Writable
[2022.08.23-20.23.23:329][  0]LogDerivedDataCache: Shared data cache path not found in *engine.ini, will not use an Shared cache.
[2022.08.23-20.23.23:329][  0]LogDerivedDataCache: Unable to find inner node Shared for hierarchical cache Hierarchy.
[2022.08.23-20.23.23:375][  0]LogSlate: Using FreeType 2.10.0
[2022.08.23-20.23.23:375][  0]LogSlate: SlateFontServices - WITH_FREETYPE: 1, WITH_HARFBUZZ: 1
[2022.08.23-20.23.23:375][  0]LogHMD: Failed to enumerate extensions. Please check that you have a valid OpenXR runtime installed.
[2022.08.23-20.23.23:396][  0]LogAssetRegistry: FAssetRegistry took 0.0025 seconds to start up
[2022.08.23-20.23.23:638][  0]LogInit: Selected Device Profile: [Windows]
[2022.08.23-20.23.23:638][  0]LogInit: Active device profile: [0000015FB485D400][0000015FAA3B9A80 49] Windows
[2022.08.23-20.23.23:638][  0]LogInit: Profiles: [0000015FB485D400][0000015FAA3B9A80 49] Windows, [0000015FB4802A00][0000015FB27A3C00 49] WindowsNoEditor, [0000015FB485F100][0000015FB27A6200 49] WindowsServer, [0000015FB481FF00][0000015FB27AA380 49] WindowsClient, [0000015FB4803C00][0000015FB27AE500 49] IOS, [0000015FB481D700][0000015FAA988640 49] iPadAir, [0000015FB4802200][0000015FB27B2780 49] iPadAir2, [0000015FB4798400][0000015FB27CA9C0 49] IPadPro, [0000015FB4798500][0000015FB0724A00 49] iPadAir3, [0000015FB481D900][0000015FAAA5EB80 49] iPadAir4, [0000015FB479B000][0000015FAAA62D00 49] iPadMini2, [0000015FB481FD00][0000015FB0728E80 49] iPadMini3, [0000015FB4798D00][0000015FB072D000 49] iPadMini4, [0000015FB481CA00][0000015FB0731180 49] iPadMini5, [0000015FB4787C00][0000015FB39C7440 49] iPhone6, [0000015FB4787D00][0000015FAAA7B480 49] iPodTouch6, [0000015FB4803300][0000015FB0739740 49] iPhone7, [0000015FB4800D00][0000015FB0735780 49] iPodTouch7, [0000015FB4784300][0000015FB073D900 49] iPhone5S, [0000015FB479AE00][0000015FB0741A80 49] iPhone6Plus, [0000015FB4785F00][0000015FB0745C00 49] iPhone6S, [0000015FB4799300][0000015FB0748200 49] iPhone6SPlus, [0000015FB4803500][0000015FB26DA380 49] iPhone7Plus, [0000015FB4799C00][0000015FB26DE500 49] iPhoneSE, [0000015FB4802100][0000015FB26E2680 49] iPhone8, [0000015FB4799100][0000015FAAA5A7C0 49] iPhone8Plus, [0000015FB4802700][0000015FB26E6900 49] iPhoneX, [0000015FB479AB00][0000015FB26EAA40 49] iPhoneXS, [0000015FB4802F00][0000015FB26EEB80 49] iPhoneXSMax, [0000015FB4798B00][0000015FB26F6D00 49] iPhoneXR, [0000015FB4801F00][0000015FB26FAE80 49] iPhone11, [0000015FB479A300][0000015FB26FF000 49] iPhone11Pro, [0000015FB4801600][0000015FB2703180 49] iPhone11ProMax, [0000015FB479A200][0000015FB2707300 49] iPhoneSE2, [0000015FB4801000][0000015FB270B480 49] iPhone12Mini, [0000015FB479A600][0000015FAA905600 49] iPhone12, [0000015FB4801100][0000015FAA909780 49] iPhone12Pro, [0000015FB479A100][0000015FAA90D900 49] iPhone12ProMax, [0000015FB4801500][0000015FAA911A80 49] iPadPro105, [0000015FB4799E00][0000015FAA915C00 49] iPadPro129, [0000015FB4803F00][0000015FAA918200 49] iPadPro97, [0000015FB479B800][0000015FAA91C380 49] iPadPro2_129, [0000015FB4800700][0000015FAA920500 49] iPad5, [0000015FB479AA00][0000015FAA924680 49] iPad6, [0000015FB4800100][0000015FAA928800 49] iPad7, [0000015FB479B600][0000015FB26F2940 49] iPad8, [0000015FB4803A00][0000015FAA92CA80 49] iPadPro11, [0000015FB479A400][0000015FAA930BC0 49] iPadPro2_11, [0000015FB4803200][0000015FAA934D00 49] iPadPro3_129, [0000015FB479AF00][0000015FAA93CE80 49] iPadPro4_129, [0000015FB4802500][0000015FB3875000 49] AppleTV, [0000015FB479BB00][0000015FB3879180 49] AppleTV4K, [0000015FB4801A00][0000015FB387D300 49] TVOS, [0000015FB4799400][0000015FB3881480 49] Mac, [0000015FB4802400][0000015FB3885600 49] MacClient, [0000015FB4798C00][0000015FB3889780 49] MacNoEditor, [0000015FB4803E00][0000015FB388D900 49] MacServer, [0000015FB479AD00][0000015FB3891A80 49] Linux, [0000015FB4803000][0000015FB3895C00 49] LinuxAArch64, [0000015FB4798800][0000015FB3898200 49] LinuxNoEditor, [0000015FB4803400][0000015FB389C380 49] LinuxAArch64NoEditor, [0000015FB4798A00][0000015FB38A0500 49] LinuxClient, [0000015FB4803900][0000015FB38A4680 49] LinuxAArch64Client, [0000015FB4798200][0000015FB38A8800 49] LinuxServer, [0000015FB4801900][0000015FB38AC980 49] LinuxAArch64Server, [0000015FB479BC00][0000015FB38B0B00 49] Android, [0000015FB4800300][0000015FAA938C40 49] Android_Low, [0000015FB4799200][0000015FB38B4D80 49] Android_Mid, [0000015FB4800F00][0000015FB0E5EEC0 49] Android_High, [0000015FB485E500][0000015FB0E67040 49] Android_Default, [0000015FB4784F00][0000015FB0E6B1C0 49] Android_Adreno4xx, [0000015FB485E400][0000015FB0E6F340 49] Android_Adreno5xx_Low, [0000015FB4785D00][0000015FB0E734C0 49] Android_Adreno5xx, [0000015FB485EB00][0000015FB0E77640 49] Android_Adreno6xx, [0000015FB4784D00][0000015FB0E7B7C0 49] Android_Adreno6xx_Vulkan, [0000015FB485F300][0000015FB38B9940 49] Android_Mali_T6xx, [0000015FB4787A00][0000015FB38BDAC0 49] Android_Mali_T7xx, [0000015FB485E900][0000015FB38C00C0 49] Android_Mali_T8xx, [0000015FB4784800][0000015FB38C4240 49] Android_Mali_G71, [0000015FB485D200][0000015FB38C83C0 49] Android_Mali_G72, [0000015FB4786300][0000015FB38CC540 49] Android_Mali_G72_Vulkan, [0000015FB485CC00][0000015FB38D06C0 49] Android_Mali_G76, [0000015FB4784600][0000015FB38D4840 49] Android_Mali_G76_Vulkan, [0000015FB485DD00][0000015FB38D89C0 49] Android_Mali_G77, [0000015FB4786500][0000015FB38DCB40 49] Android_Mali_G77_Vulkan, [0000015FB485D700][0000015FB38E0CC0 49] Android_Mali_G78, [0000015FB4787100][0000015FB0E62E00 49] Android_Mali_G78_Vulkan, [0000015FB485DE00][0000015FB38E4F40 49] Android_Mali_G710, [0000015FB4787300][0000015FB38E9080 49] Android_Mali_G710_Vulkan, [0000015FB485D900][0000015FB38ED1C0 49] Android_Vulkan_SM5, [0000015FB4785500][0000015FB38F5340 49] Android_PowerVR_G6xxx, [0000015FB485C700][0000015FB38F94C0 49] Android_PowerVR_GT7xxx, [0000015FB4785100][0000015FB38FD640 49] Android_PowerVR_GE8xxx, [0000015FB485C100][0000015FB39017C0 49] Android_PowerVR_GM9xxx, [0000015FB4785E00][0000015FB3905940 49] Android_PowerVR_GM9xxx_Vulkan, [0000015FB485E800][0000015FB3909AC0 49] Android_TegraK1, [0000015FB4800E00][0000015FB390C0C0 49] Android_Unknown_Vulkan, [0000015FB485C600][0000015FB3910240 49] Lumin, [0000015FB4803800][0000015FB39143C0 49] Lumin_Desktop, [0000015FB485E700][0000015FB3918540 49] HoloLens, 
[2022.08.23-20.23.23:748][  0]LogMeshReduction: Using QuadricMeshReduction for automatic static mesh reduction
[2022.08.23-20.23.23:748][  0]LogMeshReduction: Using SimplygonMeshReduction for automatic skeletal mesh reduction
[2022.08.23-20.23.23:748][  0]LogMeshReduction: Using ProxyLODMeshReduction for automatic mesh merging
[2022.08.23-20.23.23:748][  0]LogMeshReduction: No distributed automatic mesh merging module available
[2022.08.23-20.23.23:748][  0]LogMeshMerging: No distributed automatic mesh merging module available
[2022.08.23-20.23.23:762][  0]LogNetVersion: ShiningTrails 1.0.0, NetCL: 17155196, EngineNetVer: 17, GameNetVer: 0 (Checksum: 3996939786)
[2022.08.23-20.23.24:085][  0]LogTexture: Default maximum texture size for cubemaps generated from long-lat sources has been changed from 512 to unlimited. In order to preserve old behaiour for '/Engine/MapTemplates/Sky/DaylightAmbientCubemap.DaylightAmbientCubemap', its maximum texture size has been explicitly set to 512.
[2022.08.23-20.23.24:144][  0]LogUObjectArray: 17011 objects as part of root set at end of initial load.
[2022.08.23-20.23.24:144][  0]LogUObjectAllocator: 4257152 out of 0 bytes used by permanent object pool.
[2022.08.23-20.23.24:144][  0]LogUObjectArray: CloseDisregardForGC: 0/0 objects in disregard for GC pool
[2022.08.23-20.23.24:360][  0]LogNiagaraDebuggerClient: Niagara Debugger Client Initialized | Session: 930F415146D261B65959B2950BC57BE7 | Instance: A7C89F7C43E618C1D079A3AD291F4A01 (DESKTOP-VAOG8PE-12676).
[2022.08.23-20.23.24:391][  0]LogPython: Using Python 3.7.7
[2022.08.23-20.23.24:928][  0]LogUdpMessaging: Initializing bridge on interface 0.0.0.0:0 to multicast group 230.0.0.1:6666.
[2022.08.23-20.23.24:933][  0]LogTcpMessaging: Initializing TcpMessaging bridge
[2022.08.23-20.23.25:053][  0]SourceControl: Source control is disabled
[2022.08.23-20.23.25:053][  0]SourceControl: Source control is disabled
[2022.08.23-20.23.25:063][  0]SourceControl: Source control is disabled
[2022.08.23-20.23.25:065][  0]SourceControl: Source control is disabled
[2022.08.23-20.23.25:094][  0]SourceControl: Source control is disabled
[2022.08.23-20.23.25:221][  0]LogOpenImageDenoise: OIDN starting up
[2022.08.23-20.23.25:270][  0]LogAudioCaptureCore: Display: No Audio Capture implementations found. Audio input will be silent.
[2022.08.23-20.23.25:270][  0]LogAudioCaptureCore: Display: No Audio Capture implementations found. Audio input will be silent.
[2022.08.23-20.23.25:374][  0]LogUProjectInfo: Found projects:
[2022.08.23-20.23.25:398][  0]LogCollectionManager: Loaded 0 collections in 0.000904 seconds
[2022.08.23-20.23.25:430][  0]LogFileCache: Scanning file cache for directory 'D:/GitRoot/Blades-Bullets/ShiningTrails/Saved/Collections/' took 0.00s
[2022.08.23-20.23.25:430][  0]LogFileCache: Scanning file cache for directory 'D:/GitRoot/Blades-Bullets/ShiningTrails/Content/Developers/desty/Collections/' took 0.00s
[2022.08.23-20.23.25:430][  0]LogFileCache: Scanning file cache for directory 'D:/GitRoot/Blades-Bullets/ShiningTrails/Content/Collections/' took 0.00s
[2022.08.23-20.23.25:430][  0]LogWinDualShock: Error: Support Missing
[2022.08.23-20.23.25:480][  0]LogEngine: Initializing Engine...
[2022.08.23-20.23.25:481][  0]LogHMD: Failed to enumerate extensions. Please check that you have a valid OpenXR runtime installed.
[2022.08.23-20.23.25:481][  0]LogMagicLeap: Warning: VR disabled because ZI is not enabled.  To enable, in the editor, Edit -> Project Settings -> Plugins -> Magic Leap Plugin -> Enable Zero Iteration
[2022.08.23-20.23.25:482][  0]LogStats: UGameplayTagsManager::InitializeManager -  0.000 s
[2022.08.23-20.23.25:583][  0]LogInit: Initializing FReadOnlyCVARCache
[2022.08.23-20.23.25:593][  0]LogAIModule: Creating AISystem for world Untitled
[2022.08.23-20.23.25:597][  0]LogAudio: Display: Initializing Audio Device Manager...
[2022.08.23-20.23.25:600][  0]LogAudio: Display: Loading Default Audio Settings Objects...
[2022.08.23-20.23.25:600][  0]LogAudio: Display: No default SoundConcurrencyObject specified (or failed to load).
[2022.08.23-20.23.25:601][  0]LogAudio: Display: Audio Device Manager Initialized
[2022.08.23-20.23.25:601][  0]LogAudio: Display: Creating Audio Device:                 Id: 1, Scope: Shared, Realtime: True
[2022.08.23-20.23.25:601][  0]LogAudioMixer: Display: Audio Mixer Platform Settings:
[2022.08.23-20.23.25:601][  0]LogAudioMixer: Display: 	Sample Rate:						  48000
[2022.08.23-20.23.25:601][  0]LogAudioMixer: Display: 	Callback Buffer Frame Size Requested: 1024
[2022.08.23-20.23.25:601][  0]LogAudioMixer: Display: 	Callback Buffer Frame Size To Use:	  1024
[2022.08.23-20.23.25:601][  0]LogAudioMixer: Display: 	Number of buffers to queue:			  2
[2022.08.23-20.23.25:601][  0]LogAudioMixer: Display: 	Max Channels (voices):				  32
[2022.08.23-20.23.25:601][  0]LogAudioMixer: Display: 	Number of Async Source Workers:		  0
[2022.08.23-20.23.25:601][  0]LogAudio: Display: AudioDevice MaxSources: 32
[2022.08.23-20.23.25:601][  0]LogAudio: Display: Audio Spatialization Plugin: None (built-in).
[2022.08.23-20.23.25:601][  0]LogAudio: Display: Audio Reverb Plugin: None (built-in).
[2022.08.23-20.23.25:601][  0]LogAudio: Display: Audio Occlusion Plugin: None (built-in).
[2022.08.23-20.23.25:601][  0]LogAudioMixer: Display: Initializing audio mixer.
[2022.08.23-20.23.25:609][  0]LogAudioMixer: Display: 0: FrontLeft
[2022.08.23-20.23.25:610][  0]LogAudioMixer: Display: 1: FrontRight
[2022.08.23-20.23.25:622][  0]LogAudioMixer: Display: Using Audio Device Headphones (High Definition Audio Device)
[2022.08.23-20.23.25:626][  0]LogAudioMixer: Display: Initializing Sound Submixes...
[2022.08.23-20.23.25:627][  0]LogAudioMixer: Display: Creating Master Submix 'MasterSubmixDefault'
[2022.08.23-20.23.25:627][  0]LogAudioMixer: Display: Creating Master Submix 'MasterReverbSubmixDefault'
[2022.08.23-20.23.25:628][  0]LogAudioMixer: Display: Creating Master Submix 'MasterEQSubmixDefault'
[2022.08.23-20.23.25:628][  0]LogAudioMixer: FMixerPlatformXAudio2::StartAudioStream() called
[2022.08.23-20.23.25:628][  0]LogAudioMixer: Display: Output buffers initialized: Frames=1024, Channels=2, Samples=2048
[2022.08.23-20.23.25:629][  0]LogAudioMixer: Display: Starting AudioMixerPlatformInterface::RunInternal()
[2022.08.23-20.23.25:629][  0]LogAudioMixer: Display: FMixerPlatformXAudio2::SubmitBuffer() called for the first time
[2022.08.23-20.23.25:629][  0]LogInit: FAudioDevice initialized.
[2022.08.23-20.23.25:629][  0]LogAudio: Display: Audio Device (ID: 1) registered with world 'Untitled'.
[2022.08.23-20.23.25:629][  0]LogNetVersion: Set ProjectVersion to 1.0.0.0. Version Checksum will be recalculated on next use.
[2022.08.23-20.23.25:692][  0]LogDerivedDataCache: Saved boot cache 0.06s 94MB C:/Users/desty/AppData/Local/UnrealEngine/4.27/DerivedDataCache/Boot.ddc.
[2022.08.23-20.23.25:692][  0]LogInit: Texture streaming: Enabled
[2022.08.23-20.23.25:703][  0]LogAnalytics: Display: [UEEditor.Rocket.Release] APIServer = https://datarouter.ol.epicgames.com/. AppVersion = 4.27.2-18319896+++UE4+Release-4.27
[2022.08.23-20.23.25:706][  0]LogEngineSessionManager: EngineSessionManager initialized
[2022.08.23-20.23.25:706][  0]LogEditorSessionSummary: Verbose: Initializing EditorSessionSummaryWriter for editor session tracking
[2022.08.23-20.23.25:707][  0]LogEditorSessionSummary: EditorSessionSummaryWriter initialized
[2022.08.23-20.23.25:733][  0]LogInit: Transaction tracking system initialized
[2022.08.23-20.23.25:751][  0]BlueprintLog: New page: Editor Load
[2022.08.23-20.23.25:802][  0]LocalizationService: Localization service is disabled
[2022.08.23-20.23.25:821][  0]TimingProfiler: Initialize
[2022.08.23-20.23.25:822][  0]TimingProfiler: OnSessionChanged
[2022.08.23-20.23.25:822][  0]LoadingProfiler: Initialize
[2022.08.23-20.23.25:822][  0]LoadingProfiler: OnSessionChanged
[2022.08.23-20.23.25:822][  0]NetworkingProfiler: Initialize
[2022.08.23-20.23.25:822][  0]NetworkingProfiler: OnSessionChanged
[2022.08.23-20.23.25:822][  0]MemoryProfiler: Initialize
[2022.08.23-20.23.25:822][  0]MemoryProfiler: OnSessionChanged
[2022.08.23-20.23.25:938][  0]LogCook: Display: CookSettings for Memory: MemoryMaxUsedVirtual 0MiB, MemoryMaxUsedPhysical 16384MiB, MemoryMinFreeVirtual 0MiB, MemoryMinFreePhysical 1024MiB
[2022.08.23-20.23.25:938][  0]LogCook: Display: Mobile HDR setting 1
[2022.08.23-20.23.26:090][  0]LogFileCache: Scanning file cache for directory 'D:/GitRoot/Blades-Bullets/ShiningTrails/Content/' took 0.00s
[2022.08.23-20.23.26:090][  0]LogInit: Display: Engine is initialized. Leaving FEngineLoop::Init()
[2022.08.23-20.23.26:093][  0]SourceControl: Source control is disabled
[2022.08.23-20.23.26:093][  0]LogUnrealEdMisc: Loading editor; pre map load, took 5.278
[2022.08.23-20.23.26:093][  0]Cmd: MAP LOAD FILE="../../../../../../GitRoot/Blades-Bullets/ShiningTrails/Content/ThirdPersonBP/Maps/ThirdPersonExampleMap.umap" TEMPLATE=0 SHOWPROGRESS=1 FEATURELEVEL=3
[2022.08.23-20.23.26:093][  0]LightingResults: New page: Lighting Build
[2022.08.23-20.23.26:094][  0]LogWorld: UWorld::CleanupWorld for Untitled, bSessionEnded=true, bCleanupResources=true
[2022.08.23-20.23.26:094][  0]LogSlate: InvalidateAllWidgets triggered.  All widgets were invalidated
[2022.08.23-20.23.26:095][  0]MapCheck: New page: Map Check
[2022.08.23-20.23.26:095][  0]LightingResults: New page: Lighting Build
[2022.08.23-20.23.26:101][  0]LogAudio: Display: Audio Device unregistered from world 'None'.
[2022.08.23-20.23.26:104][  0]LogUObjectHash: Compacting FUObjectHashTables data took   1.10ms
[2022.08.23-20.23.26:329][  0]LogAudio: Display: Audio Device (ID: 1) registered with world 'ThirdPersonExampleMap'.
[2022.08.23-20.23.26:330][  0]LogAIModule: Creating AISystem for world ThirdPersonExampleMap
[2022.08.23-20.23.26:337][  0]LogEditorServer: Finished looking for orphan Actors (0.000 secs)
[2022.08.23-20.23.26:346][  0]LogUObjectHash: Compacting FUObjectHashTables data took   0.92ms
[2022.08.23-20.23.26:346][  0]Cmd: MAP CHECKDEP NOCLEARLOG
[2022.08.23-20.23.26:346][  0]MapCheck: Map check complete: 0 Error(s), 0 Warning(s), took 0,127ms to complete.
[2022.08.23-20.23.26:346][  0]LogFileHelpers: Loading map 'ThirdPersonExampleMap' took 0.253
[2022.08.23-20.23.26:349][  0]LogUnrealEdMisc: Total Editor Startup Time, took 5.533
[2022.08.23-20.23.26:455][  0]LogSlate: Updating window title bar state: overlay mode, drag disabled, window buttons hidden, title bar hidden
[2022.08.23-20.23.26:461][  0]LogSlate: Updating window title bar state: overlay mode, drag disabled, window buttons hidden, title bar hidden
[2022.08.23-20.23.26:468][  0]LogSlate: Updating window title bar state: overlay mode, drag disabled, window buttons hidden, title bar hidden
[2022.08.23-20.23.26:474][  0]LogSlate: Updating window title bar state: overlay mode, drag disabled, window buttons hidden, title bar hidden
[2022.08.23-20.23.26:489][  0]LogNativeClassHierarchy: Verbose: Native class hierarchy populated in 0.0111 seconds. Added 3789 classes and 892 folders.
[2022.08.23-20.23.26:491][  0]LogNativeClassHierarchy: Verbose: Native class hierarchy updated for 'WidgetCarousel' in 0.0003 seconds. Added 0 classes and 0 folders.
[2022.08.23-20.23.26:492][  0]LogPakFile: PakFile PrimaryIndexSize=187
[2022.08.23-20.23.26:492][  0]LogPakFile: PakFile PathHashIndexSize=101
[2022.08.23-20.23.26:492][  0]LogPakFile: PakFile FullDirectoryIndexSize=148
[2022.08.23-20.23.26:492][  0]LogShaderLibrary: Display: ShaderCodeLibraryPakFileMountedCallback: PakFile 'D:/Softwares/Epic/UE_4.27/FeaturePacks/FP_FirstPerson.upack' (chunk index -1, root 'root:/') mounted
[2022.08.23-20.23.26:492][  0]LogShaderLibrary: Display: ShaderCodeLibraryPakFileMountedCallback: pending pak file info (ChunkID:-1 Root:root:/ File:D:/Softwares/Epic/UE_4.27/FeaturePacks/FP_FirstPerson.upack)
[2022.08.23-20.23.26:492][  0]LogPakFile: OnPakFileMounted2Time == 0.000048
[2022.08.23-20.23.26:493][  0]LogPakFile: PakFile PrimaryIndexSize=189
[2022.08.23-20.23.26:493][  0]LogPakFile: PakFile PathHashIndexSize=101
[2022.08.23-20.23.26:493][  0]LogPakFile: PakFile FullDirectoryIndexSize=152
[2022.08.23-20.23.26:493][  0]LogShaderLibrary: Display: ShaderCodeLibraryPakFileMountedCallback: PakFile 'D:/Softwares/Epic/UE_4.27/FeaturePacks/FP_FirstPersonBP.upack' (chunk index -1, root 'root:/') mounted
[2022.08.23-20.23.26:493][  0]LogShaderLibrary: Display: ShaderCodeLibraryPakFileMountedCallback: pending pak file info (ChunkID:-1 Root:root:/ File:D:/Softwares/Epic/UE_4.27/FeaturePacks/FP_FirstPersonBP.upack)
[2022.08.23-20.23.26:493][  0]LogPakFile: OnPakFileMounted2Time == 0.000052
[2022.08.23-20.23.26:493][  0]LogPakFile: PakFile PrimaryIndexSize=191
[2022.08.23-20.23.26:493][  0]LogPakFile: PakFile PathHashIndexSize=101
[2022.08.23-20.23.26:493][  0]LogPakFile: PakFile FullDirectoryIndexSize=160
[2022.08.23-20.23.26:493][  0]LogShaderLibrary: Display: ShaderCodeLibraryPakFileMountedCallback: PakFile 'D:/Softwares/Epic/UE_4.27/FeaturePacks/MobileStarterContent.upack' (chunk index -1, root 'root:/') mounted
[2022.08.23-20.23.26:493][  0]LogShaderLibrary: Display: ShaderCodeLibraryPakFileMountedCallback: pending pak file info (ChunkID:-1 Root:root:/ File:D:/Softwares/Epic/UE_4.27/FeaturePacks/MobileStarterContent.upack)
[2022.08.23-20.23.26:493][  0]LogPakFile: OnPakFileMounted2Time == 0.000029
[2022.08.23-20.23.26:494][  0]LogPakFile: PakFile PrimaryIndexSize=185
[2022.08.23-20.23.26:494][  0]LogPakFile: PakFile PathHashIndexSize=101
[2022.08.23-20.23.26:494][  0]LogPakFile: PakFile FullDirectoryIndexSize=148
[2022.08.23-20.23.26:494][  0]LogShaderLibrary: Display: ShaderCodeLibraryPakFileMountedCallback: PakFile 'D:/Softwares/Epic/UE_4.27/FeaturePacks/StarterContent.upack' (chunk index -1, root 'root:/') mounted
[2022.08.23-20.23.26:494][  0]LogShaderLibrary: Display: ShaderCodeLibraryPakFileMountedCallback: pending pak file info (ChunkID:-1 Root:root:/ File:D:/Softwares/Epic/UE_4.27/FeaturePacks/StarterContent.upack)
[2022.08.23-20.23.26:494][  0]LogPakFile: OnPakFileMounted2Time == 0.000031
[2022.08.23-20.23.26:494][  0]LogPakFile: PakFile PrimaryIndexSize=190
[2022.08.23-20.23.26:494][  0]LogPakFile: PakFile PathHashIndexSize=101
[2022.08.23-20.23.26:494][  0]LogPakFile: PakFile FullDirectoryIndexSize=154
[2022.08.23-20.23.26:494][  0]LogShaderLibrary: Display: ShaderCodeLibraryPakFileMountedCallback: PakFile 'D:/Softwares/Epic/UE_4.27/FeaturePacks/TP_2DSideScroller.upack' (chunk index -1, root 'root:/') mounted
[2022.08.23-20.23.26:494][  0]LogShaderLibrary: Display: ShaderCodeLibraryPakFileMountedCallback: pending pak file info (ChunkID:-1 Root:root:/ File:D:/Softwares/Epic/UE_4.27/FeaturePacks/TP_2DSideScroller.upack)
[2022.08.23-20.23.26:494][  0]LogPakFile: OnPakFileMounted2Time == 0.000028
[2022.08.23-20.23.26:495][  0]LogPakFile: PakFile PrimaryIndexSize=192
[2022.08.23-20.23.26:495][  0]LogPakFile: PakFile PathHashIndexSize=101
[2022.08.23-20.23.26:495][  0]LogPakFile: PakFile FullDirectoryIndexSize=158
[2022.08.23-20.23.26:495][  0]LogShaderLibrary: Display: ShaderCodeLibraryPakFileMountedCallback: PakFile 'D:/Softwares/Epic/UE_4.27/FeaturePacks/TP_2DSideScrollerBP.upack' (chunk index -1, root 'root:/') mounted
[2022.08.23-20.23.26:495][  0]LogShaderLibrary: Display: ShaderCodeLibraryPakFileMountedCallback: pending pak file info (ChunkID:-1 Root:root:/ File:D:/Softwares/Epic/UE_4.27/FeaturePacks/TP_2DSideScrollerBP.upack)
[2022.08.23-20.23.26:495][  0]LogPakFile: OnPakFileMounted2Time == 0.000028
[2022.08.23-20.23.26:495][  0]LogPakFile: PakFile PrimaryIndexSize=182
[2022.08.23-20.23.26:495][  0]LogPakFile: PakFile PathHashIndexSize=101
[2022.08.23-20.23.26:495][  0]LogPakFile: PakFile FullDirectoryIndexSize=138
[2022.08.23-20.23.26:495][  0]LogShaderLibrary: Display: ShaderCodeLibraryPakFileMountedCallback: PakFile 'D:/Softwares/Epic/UE_4.27/FeaturePacks/TP_Flying.upack' (chunk index -1, root 'root:/') mounted
[2022.08.23-20.23.26:495][  0]LogShaderLibrary: Display: ShaderCodeLibraryPakFileMountedCallback: pending pak file info (ChunkID:-1 Root:root:/ File:D:/Softwares/Epic/UE_4.27/FeaturePacks/TP_Flying.upack)
[2022.08.23-20.23.26:495][  0]LogPakFile: OnPakFileMounted2Time == 0.000027
[2022.08.23-20.23.26:495][  0]LogPakFile: PakFile PrimaryIndexSize=184
[2022.08.23-20.23.26:495][  0]LogPakFile: PakFile PathHashIndexSize=101
[2022.08.23-20.23.26:495][  0]LogPakFile: PakFile FullDirectoryIndexSize=142
[2022.08.23-20.23.26:495][  0]LogShaderLibrary: Display: ShaderCodeLibraryPakFileMountedCallback: PakFile 'D:/Softwares/Epic/UE_4.27/FeaturePacks/TP_FlyingBP.upack' (chunk index -1, root 'root:/') mounted
[2022.08.23-20.23.26:495][  0]LogShaderLibrary: Display: ShaderCodeLibraryPakFileMountedCallback: pending pak file info (ChunkID:-1 Root:root:/ File:D:/Softwares/Epic/UE_4.27/FeaturePacks/TP_FlyingBP.upack)
[2022.08.23-20.23.26:496][  0]LogPakFile: OnPakFileMounted2Time == 0.000030
[2022.08.23-20.23.26:496][  0]LogPakFile: PakFile PrimaryIndexSize=188
[2022.08.23-20.23.26:496][  0]LogPakFile: PakFile PathHashIndexSize=101
[2022.08.23-20.23.26:496][  0]LogPakFile: PakFile FullDirectoryIndexSize=150
[2022.08.23-20.23.26:496][  0]LogShaderLibrary: Display: ShaderCodeLibraryPakFileMountedCallback: PakFile 'D:/Softwares/Epic/UE_4.27/FeaturePacks/TP_HandheldARBP.upack' (chunk index -1, root 'root:/') mounted
[2022.08.23-20.23.26:496][  0]LogShaderLibrary: Display: ShaderCodeLibraryPakFileMountedCallback: pending pak file info (ChunkID:-1 Root:root:/ File:D:/Softwares/Epic/UE_4.27/FeaturePacks/TP_HandheldARBP.upack)
[2022.08.23-20.23.26:496][  0]LogPakFile: OnPakFileMounted2Time == 0.000030
[2022.08.23-20.23.26:497][  0]LogPakFile: PakFile PrimaryIndexSize=182
[2022.08.23-20.23.26:497][  0]LogPakFile: PakFile PathHashIndexSize=101
[2022.08.23-20.23.26:497][  0]LogPakFile: PakFile FullDirectoryIndexSize=138
[2022.08.23-20.23.26:497][  0]LogShaderLibrary: Display: ShaderCodeLibraryPakFileMountedCallback: PakFile 'D:/Softwares/Epic/UE_4.27/FeaturePacks/TP_Puzzle.upack' (chunk index -1, root 'root:/') mounted
[2022.08.23-20.23.26:497][  0]LogShaderLibrary: Display: ShaderCodeLibraryPakFileMountedCallback: pending pak file info (ChunkID:-1 Root:root:/ File:D:/Softwares/Epic/UE_4.27/FeaturePacks/TP_Puzzle.upack)
[2022.08.23-20.23.26:497][  0]LogPakFile: OnPakFileMounted2Time == 0.000028
[2022.08.23-20.23.26:497][  0]LogPakFile: PakFile PrimaryIndexSize=184
[2022.08.23-20.23.26:497][  0]LogPakFile: PakFile PathHashIndexSize=101
[2022.08.23-20.23.26:497][  0]LogPakFile: PakFile FullDirectoryIndexSize=142
[2022.08.23-20.23.26:497][  0]LogShaderLibrary: Display: ShaderCodeLibraryPakFileMountedCallback: PakFile 'D:/Softwares/Epic/UE_4.27/FeaturePacks/TP_PuzzleBP.upack' (chunk index -1, root 'root:/') mounted
[2022.08.23-20.23.26:497][  0]LogShaderLibrary: Display: ShaderCodeLibraryPakFileMountedCallback: pending pak file info (ChunkID:-1 Root:root:/ File:D:/Softwares/Epic/UE_4.27/FeaturePacks/TP_PuzzleBP.upack)
[2022.08.23-20.23.26:497][  0]LogPakFile: OnPakFileMounted2Time == 0.000028
[2022.08.23-20.23.26:497][  0]LogPakFile: PakFile PrimaryIndexSize=183
[2022.08.23-20.23.26:497][  0]LogPakFile: PakFile PathHashIndexSize=101
[2022.08.23-20.23.26:497][  0]LogPakFile: PakFile FullDirectoryIndexSize=140
[2022.08.23-20.23.26:497][  0]LogShaderLibrary: Display: ShaderCodeLibraryPakFileMountedCallback: PakFile 'D:/Softwares/Epic/UE_4.27/FeaturePacks/TP_Rolling.upack' (chunk index -1, root 'root:/') mounted
[2022.08.23-20.23.26:497][  0]LogShaderLibrary: Display: ShaderCodeLibraryPakFileMountedCallback: pending pak file info (ChunkID:-1 Root:root:/ File:D:/Softwares/Epic/UE_4.27/FeaturePacks/TP_Rolling.upack)
[2022.08.23-20.23.26:497][  0]LogPakFile: OnPakFileMounted2Time == 0.000027
[2022.08.23-20.23.26:498][  0]LogPakFile: PakFile PrimaryIndexSize=185
[2022.08.23-20.23.26:498][  0]LogPakFile: PakFile PathHashIndexSize=101
[2022.08.23-20.23.26:498][  0]LogPakFile: PakFile FullDirectoryIndexSize=144
[2022.08.23-20.23.26:498][  0]LogShaderLibrary: Display: ShaderCodeLibraryPakFileMountedCallback: PakFile 'D:/Softwares/Epic/UE_4.27/FeaturePacks/TP_RollingBP.upack' (chunk index -1, root 'root:/') mounted
[2022.08.23-20.23.26:498][  0]LogShaderLibrary: Display: ShaderCodeLibraryPakFileMountedCallback: pending pak file info (ChunkID:-1 Root:root:/ File:D:/Softwares/Epic/UE_4.27/FeaturePacks/TP_RollingBP.upack)
[2022.08.23-20.23.26:498][  0]LogPakFile: OnPakFileMounted2Time == 0.000027
[2022.08.23-20.23.26:498][  0]LogPakFile: PakFile PrimaryIndexSize=188
[2022.08.23-20.23.26:498][  0]LogPakFile: PakFile PathHashIndexSize=101
[2022.08.23-20.23.26:498][  0]LogPakFile: PakFile FullDirectoryIndexSize=150
[2022.08.23-20.23.26:498][  0]LogShaderLibrary: Display: ShaderCodeLibraryPakFileMountedCallback: PakFile 'D:/Softwares/Epic/UE_4.27/FeaturePacks/TP_SideScroller.upack' (chunk index -1, root 'root:/') mounted
[2022.08.23-20.23.26:498][  0]LogShaderLibrary: Display: ShaderCodeLibraryPakFileMountedCallback: pending pak file info (ChunkID:-1 Root:root:/ File:D:/Softwares/Epic/UE_4.27/FeaturePacks/TP_SideScroller.upack)
[2022.08.23-20.23.26:498][  0]LogPakFile: OnPakFileMounted2Time == 0.000027
[2022.08.23-20.23.26:499][  0]LogPakFile: PakFile PrimaryIndexSize=190
[2022.08.23-20.23.26:499][  0]LogPakFile: PakFile PathHashIndexSize=101
[2022.08.23-20.23.26:499][  0]LogPakFile: PakFile FullDirectoryIndexSize=154
[2022.08.23-20.23.26:499][  0]LogShaderLibrary: Display: ShaderCodeLibraryPakFileMountedCallback: PakFile 'D:/Softwares/Epic/UE_4.27/FeaturePacks/TP_SideScrollerBP.upack' (chunk index -1, root 'root:/') mounted
[2022.08.23-20.23.26:499][  0]LogShaderLibrary: Display: ShaderCodeLibraryPakFileMountedCallback: pending pak file info (ChunkID:-1 Root:root:/ File:D:/Softwares/Epic/UE_4.27/FeaturePacks/TP_SideScrollerBP.upack)
[2022.08.23-20.23.26:499][  0]LogPakFile: OnPakFileMounted2Time == 0.000034
[2022.08.23-20.23.26:499][  0]LogPakFile: PakFile PrimaryIndexSize=187
[2022.08.23-20.23.26:499][  0]LogPakFile: PakFile PathHashIndexSize=101
[2022.08.23-20.23.26:499][  0]LogPakFile: PakFile FullDirectoryIndexSize=148
[2022.08.23-20.23.26:499][  0]LogShaderLibrary: Display: ShaderCodeLibraryPakFileMountedCallback: PakFile 'D:/Softwares/Epic/UE_4.27/FeaturePacks/TP_ThirdPerson.upack' (chunk index -1, root 'root:/') mounted
[2022.08.23-20.23.26:499][  0]LogShaderLibrary: Display: ShaderCodeLibraryPakFileMountedCallback: pending pak file info (ChunkID:-1 Root:root:/ File:D:/Softwares/Epic/UE_4.27/FeaturePacks/TP_ThirdPerson.upack)
[2022.08.23-20.23.26:499][  0]LogPakFile: OnPakFileMounted2Time == 0.000027
[2022.08.23-20.23.26:500][  0]LogPakFile: PakFile PrimaryIndexSize=189
[2022.08.23-20.23.26:500][  0]LogPakFile: PakFile PathHashIndexSize=101
[2022.08.23-20.23.26:500][  0]LogPakFile: PakFile FullDirectoryIndexSize=152
[2022.08.23-20.23.26:500][  0]LogShaderLibrary: Display: ShaderCodeLibraryPakFileMountedCallback: PakFile 'D:/Softwares/Epic/UE_4.27/FeaturePacks/TP_ThirdPersonBP.upack' (chunk index -1, root 'root:/') mounted
[2022.08.23-20.23.26:500][  0]LogShaderLibrary: Display: ShaderCodeLibraryPakFileMountedCallback: pending pak file info (ChunkID:-1 Root:root:/ File:D:/Softwares/Epic/UE_4.27/FeaturePacks/TP_ThirdPersonBP.upack)
[2022.08.23-20.23.26:500][  0]LogPakFile: OnPakFileMounted2Time == 0.000030
[2022.08.23-20.23.26:500][  0]LogPakFile: PakFile PrimaryIndexSize=183
[2022.08.23-20.23.26:500][  0]LogPakFile: PakFile PathHashIndexSize=101
[2022.08.23-20.23.26:500][  0]LogPakFile: PakFile FullDirectoryIndexSize=140
[2022.08.23-20.23.26:500][  0]LogShaderLibrary: Display: ShaderCodeLibraryPakFileMountedCallback: PakFile 'D:/Softwares/Epic/UE_4.27/FeaturePacks/TP_TopDown.upack' (chunk index -1, root 'root:/') mounted
[2022.08.23-20.23.26:500][  0]LogShaderLibrary: Display: ShaderCodeLibraryPakFileMountedCallback: pending pak file info (ChunkID:-1 Root:root:/ File:D:/Softwares/Epic/UE_4.27/FeaturePacks/TP_TopDown.upack)
[2022.08.23-20.23.26:500][  0]LogPakFile: OnPakFileMounted2Time == 0.000034
[2022.08.23-20.23.26:501][  0]LogPakFile: PakFile PrimaryIndexSize=185
[2022.08.23-20.23.26:501][  0]LogPakFile: PakFile PathHashIndexSize=101
[2022.08.23-20.23.26:501][  0]LogPakFile: PakFile FullDirectoryIndexSize=144
[2022.08.23-20.23.26:501][  0]LogShaderLibrary: Display: ShaderCodeLibraryPakFileMountedCallback: PakFile 'D:/Softwares/Epic/UE_4.27/FeaturePacks/TP_TopDownBP.upack' (chunk index -1, root 'root:/') mounted
[2022.08.23-20.23.26:501][  0]LogShaderLibrary: Display: ShaderCodeLibraryPakFileMountedCallback: pending pak file info (ChunkID:-1 Root:root:/ File:D:/Softwares/Epic/UE_4.27/FeaturePacks/TP_TopDownBP.upack)
[2022.08.23-20.23.26:501][  0]LogPakFile: OnPakFileMounted2Time == 0.000028
[2022.08.23-20.23.26:502][  0]LogPakFile: PakFile PrimaryIndexSize=185
[2022.08.23-20.23.26:502][  0]LogPakFile: PakFile PathHashIndexSize=101
[2022.08.23-20.23.26:502][  0]LogPakFile: PakFile FullDirectoryIndexSize=144
[2022.08.23-20.23.26:502][  0]LogShaderLibrary: Display: ShaderCodeLibraryPakFileMountedCallback: PakFile 'D:/Softwares/Epic/UE_4.27/FeaturePacks/TP_TwinStick.upack' (chunk index -1, root 'root:/') mounted
[2022.08.23-20.23.26:502][  0]LogShaderLibrary: Display: ShaderCodeLibraryPakFileMountedCallback: pending pak file info (ChunkID:-1 Root:root:/ File:D:/Softwares/Epic/UE_4.27/FeaturePacks/TP_TwinStick.upack)
[2022.08.23-20.23.26:502][  0]LogPakFile: OnPakFileMounted2Time == 0.000029
[2022.08.23-20.23.26:502][  0]LogPakFile: PakFile PrimaryIndexSize=187
[2022.08.23-20.23.26:502][  0]LogPakFile: PakFile PathHashIndexSize=101
[2022.08.23-20.23.26:502][  0]LogPakFile: PakFile FullDirectoryIndexSize=148
[2022.08.23-20.23.26:502][  0]LogShaderLibrary: Display: ShaderCodeLibraryPakFileMountedCallback: PakFile 'D:/Softwares/Epic/UE_4.27/FeaturePacks/TP_TwinStickBP.upack' (chunk index -1, root 'root:/') mounted
[2022.08.23-20.23.26:502][  0]LogShaderLibrary: Display: ShaderCodeLibraryPakFileMountedCallback: pending pak file info (ChunkID:-1 Root:root:/ File:D:/Softwares/Epic/UE_4.27/FeaturePacks/TP_TwinStickBP.upack)
[2022.08.23-20.23.26:502][  0]LogPakFile: OnPakFileMounted2Time == 0.000028
[2022.08.23-20.23.26:503][  0]LogPakFile: PakFile PrimaryIndexSize=183
[2022.08.23-20.23.26:503][  0]LogPakFile: PakFile PathHashIndexSize=101
[2022.08.23-20.23.26:503][  0]LogPakFile: PakFile FullDirectoryIndexSize=140
[2022.08.23-20.23.26:503][  0]LogShaderLibrary: Display: ShaderCodeLibraryPakFileMountedCallback: PakFile 'D:/Softwares/Epic/UE_4.27/FeaturePacks/TP_Vehicle.upack' (chunk index -1, root 'root:/') mounted
[2022.08.23-20.23.26:503][  0]LogShaderLibrary: Display: ShaderCodeLibraryPakFileMountedCallback: pending pak file info (ChunkID:-1 Root:root:/ File:D:/Softwares/Epic/UE_4.27/FeaturePacks/TP_Vehicle.upack)
[2022.08.23-20.23.26:503][  0]LogPakFile: OnPakFileMounted2Time == 0.000028
[2022.08.23-20.23.26:503][  0]LogPakFile: PakFile PrimaryIndexSize=186
[2022.08.23-20.23.26:503][  0]LogPakFile: PakFile PathHashIndexSize=101
[2022.08.23-20.23.26:503][  0]LogPakFile: PakFile FullDirectoryIndexSize=146
[2022.08.23-20.23.26:503][  0]LogShaderLibrary: Display: ShaderCodeLibraryPakFileMountedCallback: PakFile 'D:/Softwares/Epic/UE_4.27/FeaturePacks/TP_VehicleAdv.upack' (chunk index -1, root 'root:/') mounted
[2022.08.23-20.23.26:503][  0]LogShaderLibrary: Display: ShaderCodeLibraryPakFileMountedCallback: pending pak file info (ChunkID:-1 Root:root:/ File:D:/Softwares/Epic/UE_4.27/FeaturePacks/TP_VehicleAdv.upack)
[2022.08.23-20.23.26:503][  0]LogPakFile: OnPakFileMounted2Time == 0.000030
[2022.08.23-20.23.26:504][  0]LogPakFile: PakFile PrimaryIndexSize=188
[2022.08.23-20.23.26:504][  0]LogPakFile: PakFile PathHashIndexSize=101
[2022.08.23-20.23.26:504][  0]LogPakFile: PakFile FullDirectoryIndexSize=150
[2022.08.23-20.23.26:504][  0]LogShaderLibrary: Display: ShaderCodeLibraryPakFileMountedCallback: PakFile 'D:/Softwares/Epic/UE_4.27/FeaturePacks/TP_VehicleAdvBP.upack' (chunk index -1, root 'root:/') mounted
[2022.08.23-20.23.26:504][  0]LogShaderLibrary: Display: ShaderCodeLibraryPakFileMountedCallback: pending pak file info (ChunkID:-1 Root:root:/ File:D:/Softwares/Epic/UE_4.27/FeaturePacks/TP_VehicleAdvBP.upack)
[2022.08.23-20.23.26:504][  0]LogPakFile: OnPakFileMounted2Time == 0.000028
[2022.08.23-20.23.26:504][  0]LogPakFile: PakFile PrimaryIndexSize=185
[2022.08.23-20.23.26:504][  0]LogPakFile: PakFile PathHashIndexSize=101
[2022.08.23-20.23.26:504][  0]LogPakFile: PakFile FullDirectoryIndexSize=144
[2022.08.23-20.23.26:504][  0]LogShaderLibrary: Display: ShaderCodeLibraryPakFileMountedCallback: PakFile 'D:/Softwares/Epic/UE_4.27/FeaturePacks/TP_VehicleBP.upack' (chunk index -1, root 'root:/') mounted
[2022.08.23-20.23.26:504][  0]LogShaderLibrary: Display: ShaderCodeLibraryPakFileMountedCallback: pending pak file info (ChunkID:-1 Root:root:/ File:D:/Softwares/Epic/UE_4.27/FeaturePacks/TP_VehicleBP.upack)
[2022.08.23-20.23.26:504][  0]LogPakFile: OnPakFileMounted2Time == 0.000030
[2022.08.23-20.23.26:504][  0]LogPakFile: PakFile PrimaryIndexSize=192
[2022.08.23-20.23.26:505][  0]LogPakFile: PakFile PathHashIndexSize=101
[2022.08.23-20.23.26:505][  0]LogPakFile: PakFile FullDirectoryIndexSize=158
[2022.08.23-20.23.26:505][  0]LogShaderLibrary: Display: ShaderCodeLibraryPakFileMountedCallback: PakFile 'D:/Softwares/Epic/UE_4.27/FeaturePacks/TP_VirtualRealityBP.upack' (chunk index -1, root 'root:/') mounted
[2022.08.23-20.23.26:505][  0]LogShaderLibrary: Display: ShaderCodeLibraryPakFileMountedCallback: pending pak file info (ChunkID:-1 Root:root:/ File:D:/Softwares/Epic/UE_4.27/FeaturePacks/TP_VirtualRealityBP.upack)
[2022.08.23-20.23.26:505][  0]LogPakFile: OnPakFileMounted2Time == 0.000031
[2022.08.23-20.23.26:540][  0]LogNativeClassHierarchy: Verbose: Native class hierarchy updated for 'AddContentDialog' in 0.0003 seconds. Added 0 classes and 0 folders.
[2022.08.23-20.23.26:541][  0]LogNativeClassHierarchy: Verbose: Native class hierarchy updated for 'SceneOutliner' in 0.0002 seconds. Added 2 classes and 0 folders.
[2022.08.23-20.23.26:583][  0]LogSlate: Took 0.000243 seconds to synchronously load lazily loaded font '../../../Engine/Content/Slate/Fonts/Roboto-Regular.ttf' (155K)
[2022.08.23-20.23.26:585][  0]LogSlate: Took 0.000167 seconds to synchronously load lazily loaded font '../../../Engine/Content/Editor/Slate/Fonts/FontAwesome.ttf' (139K)
[2022.08.23-20.23.26:586][  0]LogSlate: Took 0.000119 seconds to synchronously load lazily loaded font '../../../Engine/Content/Slate/Fonts/Roboto-Bold.ttf' (160K)
[2022.08.23-20.23.26:665][  0]LogRenderer: Reallocating scene render targets to support 1288x632 Format 10 NumSamples 1 (Frame:1).
[2022.08.23-20.23.26:769][  0]LogNativeClassHierarchy: Verbose: Native class hierarchy updated for 'HierarchicalLODOutliner' in 0.0004 seconds. Added 0 classes and 0 folders.
[2022.08.23-20.23.26:769][  0]LogInput: Warning: Action Jump uses invalid key OculusGo_Left_Trigger_Click.
[2022.08.23-20.23.26:769][  0]LogInput: Warning: Action ResetVR uses invalid key OculusGo_Left_Trackpad_Click.
[2022.08.23-20.23.26:769][  0]LogInput: Warning: Use -RemoveInvalidKeys to remove instances of these keys from the action mapping.
[2022.08.23-20.23.26:769][  0]LogLoad: (Engine Initialization) Total time: 5.95 seconds
[2022.08.23-20.23.26:769][  0]LogLoad: (Engine Initialization) Total Blueprint compile time: 0.00 seconds
[2022.08.23-20.23.26:779][  0]LogWinDualShock: Input Device Created
[2022.08.23-20.23.26:808][  0]LogAssetRegistry: Asset discovery search completed in 3.4124 seconds
[2022.08.23-20.23.26:813][  0]LogCollectionManager: Fixed up redirectors for 0 collections in 0.000004 seconds (updated 0 objects)
[2022.08.23-20.23.26:813][  0]LogContentStreaming: Texture pool size now 1000 MB
[2022.08.23-20.23.26:912][  4]LogSlate: Took 0.000214 seconds to synchronously load lazily loaded font '../../../Engine/Content/Slate/Fonts/Roboto-Light.ttf' (167K)
[2022.08.23-20.23.34:748][382]LogSlate: Window 'Plugins' being destroyed
[2022.08.23-20.23.34:753][382]LogSlate: Window 'Plugins' being destroyed
[2022.08.23-20.23.34:753][382]LogDirectoryWatcher: A directory notification for '../../../Engine/Plugins/' was aborted.
